[0.202s] DEBUG:colcon:Command line arguments: ['/usr/bin/colcon', 'build']
[0.202s] DEBUG:colcon:Parsed command line arguments: Namespace(ament_cmake_args=None, base_paths=['.'], build_base='build', catkin_cmake_args=None, catkin_skip_building_tests=False, cmake_args=None, cmake_clean_cache=False, cmake_clean_first=False, cmake_force_configure=False, cmake_target=None, cmake_target_skip_unavailable=False, continue_on_error=False, event_handlers=None, executor='parallel', ignore_user_meta=False, install_base='install', log_base=None, log_level=None, main=<bound method BuildVerb.main of <colcon_core.verb.build.BuildVerb object at 0x7f1c35d1b130>>, merge_install=False, metas=['./colcon.meta'], packages_above=None, packages_above_and_dependencies=None, packages_above_depth=None, packages_end=None, packages_ignore=None, packages_ignore_regex=None, packages_select=None, packages_select_build_failed=False, packages_select_by_dep=None, packages_select_regex=None, packages_select_test_failures=False, packages_skip=None, packages_skip_build_finished=False, packages_skip_by_dep=None, packages_skip_regex=None, packages_skip_test_passed=False, packages_skip_up_to=None, packages_start=None, packages_up_to=None, packages_up_to_regex=None, parallel_workers=1, paths=None, symlink_install=False, test_result_base=None, verb_extension=<colcon_core.verb.build.BuildVerb object at 0x7f1c35d1b130>, verb_name='build', verb_parser=<colcon_defaults.argument_parser.defaults.DefaultArgumentsDecorator object at 0x7f1c35d1b670>)
[0.213s] Level 1:colcon.colcon_core.package_discovery:discover_packages(colcon_meta) check parameters
[0.214s] Level 1:colcon.colcon_core.package_discovery:discover_packages(recursive) check parameters
[0.214s] Level 1:colcon.colcon_core.package_discovery:discover_packages(ignore) check parameters
[0.214s] Level 1:colcon.colcon_core.package_discovery:discover_packages(path) check parameters
[0.215s] Level 1:colcon.colcon_core.package_discovery:discover_packages(colcon_meta) discover
[0.215s] Level 1:colcon.colcon_core.package_discovery:discover_packages(recursive) discover
[0.215s] INFO:colcon.colcon_core.package_discovery:Crawling recursively for packages in '/home/rosubuntu/ws_ros2'
[0.216s] Level 1:colcon.colcon_core.package_identification:_identify(.) by extensions ['ignore', 'ignore_ament_install']
[0.216s] Level 1:colcon.colcon_core.package_identification:_identify(.) by extension 'ignore'
[0.216s] Level 1:colcon.colcon_core.package_identification:_identify(.) by extension 'ignore_ament_install'
[0.217s] Level 1:colcon.colcon_core.package_identification:_identify(.) by extensions ['colcon_pkg']
[0.217s] Level 1:colcon.colcon_core.package_identification:_identify(.) by extension 'colcon_pkg'
[0.217s] Level 1:colcon.colcon_core.package_identification:_identify(.) by extensions ['colcon_meta']
[0.218s] Level 1:colcon.colcon_core.package_identification:_identify(.) by extension 'colcon_meta'
[0.218s] Level 1:colcon.colcon_core.package_identification:_identify(.) by extensions ['ros']
[0.218s] Level 1:colcon.colcon_core.package_identification:_identify(.) by extension 'ros'
[0.232s] Level 1:colcon.colcon_core.package_identification:_identify(.) by extensions ['cmake', 'python']
[0.233s] Level 1:colcon.colcon_core.package_identification:_identify(.) by extension 'cmake'
[0.233s] Level 1:colcon.colcon_core.package_identification:_identify(.) by extension 'python'
[0.233s] Level 1:colcon.colcon_core.package_identification:_identify(.) by extensions ['python_setup_py']
[0.234s] Level 1:colcon.colcon_core.package_identification:_identify(.) by extension 'python_setup_py'
[0.234s] Level 1:colcon.colcon_core.package_identification:_identify(build) by extensions ['ignore', 'ignore_ament_install']
[0.234s] Level 1:colcon.colcon_core.package_identification:_identify(build) by extension 'ignore'
[0.235s] Level 1:colcon.colcon_core.package_identification:_identify(build) ignored
[0.235s] Level 1:colcon.colcon_core.package_identification:_identify(install) by extensions ['ignore', 'ignore_ament_install']
[0.236s] Level 1:colcon.colcon_core.package_identification:_identify(install) by extension 'ignore'
[0.236s] Level 1:colcon.colcon_core.package_identification:_identify(install) ignored
[0.236s] Level 1:colcon.colcon_core.package_identification:_identify(log) by extensions ['ignore', 'ignore_ament_install']
[0.237s] Level 1:colcon.colcon_core.package_identification:_identify(log) by extension 'ignore'
[0.237s] Level 1:colcon.colcon_core.package_identification:_identify(log) ignored
[0.237s] Level 1:colcon.colcon_core.package_identification:_identify(src) by extensions ['ignore', 'ignore_ament_install']
[0.238s] Level 1:colcon.colcon_core.package_identification:_identify(src) by extension 'ignore'
[0.238s] Level 1:colcon.colcon_core.package_identification:_identify(src) by extension 'ignore_ament_install'
[0.239s] Level 1:colcon.colcon_core.package_identification:_identify(src) by extensions ['colcon_pkg']
[0.241s] Level 1:colcon.colcon_core.package_identification:_identify(src) by extension 'colcon_pkg'
[0.241s] Level 1:colcon.colcon_core.package_identification:_identify(src) by extensions ['colcon_meta']
[0.241s] Level 1:colcon.colcon_core.package_identification:_identify(src) by extension 'colcon_meta'
[0.241s] Level 1:colcon.colcon_core.package_identification:_identify(src) by extensions ['ros']
[0.241s] Level 1:colcon.colcon_core.package_identification:_identify(src) by extension 'ros'
[0.241s] Level 1:colcon.colcon_core.package_identification:_identify(src) by extensions ['cmake', 'python']
[0.241s] Level 1:colcon.colcon_core.package_identification:_identify(src) by extension 'cmake'
[0.241s] Level 1:colcon.colcon_core.package_identification:_identify(src) by extension 'python'
[0.241s] Level 1:colcon.colcon_core.package_identification:_identify(src) by extensions ['python_setup_py']
[0.241s] Level 1:colcon.colcon_core.package_identification:_identify(src) by extension 'python_setup_py'
[0.241s] Level 1:colcon.colcon_core.package_identification:_identify(src/route_finder_launcher) by extensions ['ignore', 'ignore_ament_install']
[0.241s] Level 1:colcon.colcon_core.package_identification:_identify(src/route_finder_launcher) by extension 'ignore'
[0.241s] Level 1:colcon.colcon_core.package_identification:_identify(src/route_finder_launcher) by extension 'ignore_ament_install'
[0.241s] Level 1:colcon.colcon_core.package_identification:_identify(src/route_finder_launcher) by extensions ['colcon_pkg']
[0.242s] Level 1:colcon.colcon_core.package_identification:_identify(src/route_finder_launcher) by extension 'colcon_pkg'
[0.242s] Level 1:colcon.colcon_core.package_identification:_identify(src/route_finder_launcher) by extensions ['colcon_meta']
[0.242s] Level 1:colcon.colcon_core.package_identification:_identify(src/route_finder_launcher) by extension 'colcon_meta'
[0.242s] Level 1:colcon.colcon_core.package_identification:_identify(src/route_finder_launcher) by extensions ['ros']
[0.242s] Level 1:colcon.colcon_core.package_identification:_identify(src/route_finder_launcher) by extension 'ros'
[0.245s] DEBUG:colcon.colcon_core.package_identification:Package 'src/route_finder_launcher' with type 'ros.ament_cmake' and name 'route_finder_launcher'
[0.245s] Level 1:colcon.colcon_core.package_identification:_identify(src/route_planner) by extensions ['ignore', 'ignore_ament_install']
[0.245s] Level 1:colcon.colcon_core.package_identification:_identify(src/route_planner) by extension 'ignore'
[0.245s] Level 1:colcon.colcon_core.package_identification:_identify(src/route_planner) by extension 'ignore_ament_install'
[0.245s] Level 1:colcon.colcon_core.package_identification:_identify(src/route_planner) by extensions ['colcon_pkg']
[0.245s] Level 1:colcon.colcon_core.package_identification:_identify(src/route_planner) by extension 'colcon_pkg'
[0.245s] Level 1:colcon.colcon_core.package_identification:_identify(src/route_planner) by extensions ['colcon_meta']
[0.245s] Level 1:colcon.colcon_core.package_identification:_identify(src/route_planner) by extension 'colcon_meta'
[0.245s] Level 1:colcon.colcon_core.package_identification:_identify(src/route_planner) by extensions ['ros']
[0.245s] Level 1:colcon.colcon_core.package_identification:_identify(src/route_planner) by extension 'ros'
[0.246s] DEBUG:colcon.colcon_core.package_identification:Package 'src/route_planner' with type 'ros.ament_python' and name 'route_planner'
[0.246s] Level 1:colcon.colcon_core.package_discovery:discover_packages(recursive) using defaults
[0.246s] Level 1:colcon.colcon_core.package_discovery:discover_packages(ignore) discover
[0.246s] Level 1:colcon.colcon_core.package_discovery:discover_packages(ignore) using defaults
[0.246s] Level 1:colcon.colcon_core.package_discovery:discover_packages(path) discover
[0.246s] Level 1:colcon.colcon_core.package_discovery:discover_packages(path) using defaults
[0.275s] Level 5:colcon.colcon_core.verb:set package 'route_planner' build argument 'cmake_args' from command line to 'None'
[0.275s] Level 5:colcon.colcon_core.verb:set package 'route_planner' build argument 'cmake_target' from command line to 'None'
[0.275s] Level 5:colcon.colcon_core.verb:set package 'route_planner' build argument 'cmake_target_skip_unavailable' from command line to 'False'
[0.276s] Level 5:colcon.colcon_core.verb:set package 'route_planner' build argument 'cmake_clean_cache' from command line to 'False'
[0.276s] Level 5:colcon.colcon_core.verb:set package 'route_planner' build argument 'cmake_clean_first' from command line to 'False'
[0.276s] Level 5:colcon.colcon_core.verb:set package 'route_planner' build argument 'cmake_force_configure' from command line to 'False'
[0.277s] Level 5:colcon.colcon_core.verb:set package 'route_planner' build argument 'ament_cmake_args' from command line to 'None'
[0.277s] Level 5:colcon.colcon_core.verb:set package 'route_planner' build argument 'catkin_cmake_args' from command line to 'None'
[0.278s] Level 5:colcon.colcon_core.verb:set package 'route_planner' build argument 'catkin_skip_building_tests' from command line to 'False'
[0.278s] DEBUG:colcon.colcon_core.verb:Building package 'route_planner' with the following arguments: {'ament_cmake_args': None, 'build_base': '/home/rosubuntu/ws_ros2/build/route_planner', 'catkin_cmake_args': None, 'catkin_skip_building_tests': False, 'cmake_args': None, 'cmake_clean_cache': False, 'cmake_clean_first': False, 'cmake_force_configure': False, 'cmake_target': None, 'cmake_target_skip_unavailable': False, 'install_base': '/home/rosubuntu/ws_ros2/install/route_planner', 'merge_install': False, 'path': '/home/rosubuntu/ws_ros2/src/route_planner', 'symlink_install': False, 'test_result_base': None}
[0.281s] Level 5:colcon.colcon_core.verb:set package 'route_finder_launcher' build argument 'cmake_args' from command line to 'None'
[0.281s] Level 5:colcon.colcon_core.verb:set package 'route_finder_launcher' build argument 'cmake_target' from command line to 'None'
[0.283s] Level 5:colcon.colcon_core.verb:set package 'route_finder_launcher' build argument 'cmake_target_skip_unavailable' from command line to 'False'
[0.284s] Level 5:colcon.colcon_core.verb:set package 'route_finder_launcher' build argument 'cmake_clean_cache' from command line to 'False'
[0.284s] Level 5:colcon.colcon_core.verb:set package 'route_finder_launcher' build argument 'cmake_clean_first' from command line to 'False'
[0.284s] Level 5:colcon.colcon_core.verb:set package 'route_finder_launcher' build argument 'cmake_force_configure' from command line to 'False'
[0.285s] Level 5:colcon.colcon_core.verb:set package 'route_finder_launcher' build argument 'ament_cmake_args' from command line to 'None'
[0.285s] Level 5:colcon.colcon_core.verb:set package 'route_finder_launcher' build argument 'catkin_cmake_args' from command line to 'None'
[0.285s] Level 5:colcon.colcon_core.verb:set package 'route_finder_launcher' build argument 'catkin_skip_building_tests' from command line to 'False'
[0.285s] DEBUG:colcon.colcon_core.verb:Building package 'route_finder_launcher' with the following arguments: {'ament_cmake_args': None, 'build_base': '/home/rosubuntu/ws_ros2/build/route_finder_launcher', 'catkin_cmake_args': None, 'catkin_skip_building_tests': False, 'cmake_args': None, 'cmake_clean_cache': False, 'cmake_clean_first': False, 'cmake_force_configure': False, 'cmake_target': None, 'cmake_target_skip_unavailable': False, 'install_base': '/home/rosubuntu/ws_ros2/install/route_finder_launcher', 'merge_install': False, 'path': '/home/rosubuntu/ws_ros2/src/route_finder_launcher', 'symlink_install': False, 'test_result_base': None}
[0.286s] INFO:colcon.colcon_core.executor:Executing jobs using 'parallel' executor
[0.288s] DEBUG:colcon.colcon_parallel_executor.executor.parallel:run_until_complete
[0.289s] INFO:colcon.colcon_ros.task.ament_python.build:Building ROS package in '/home/rosubuntu/ws_ros2/src/route_planner' with build type 'ament_python'
[0.289s] Level 1:colcon.colcon_core.shell:create_environment_hook('route_planner', 'ament_prefix_path')
[0.296s] INFO:colcon.colcon_core.plugin_system:Skipping extension 'colcon_core.shell.bat': Not used on non-Windows systems
[0.297s] INFO:colcon.colcon_core.shell:Creating environment hook '/home/rosubuntu/ws_ros2/install/route_planner/share/route_planner/hook/ament_prefix_path.ps1'
[0.302s] INFO:colcon.colcon_core.shell:Creating environment descriptor '/home/rosubuntu/ws_ros2/install/route_planner/share/route_planner/hook/ament_prefix_path.dsv'
[0.307s] INFO:colcon.colcon_core.shell:Creating environment hook '/home/rosubuntu/ws_ros2/install/route_planner/share/route_planner/hook/ament_prefix_path.sh'
[0.314s] INFO:colcon.colcon_core.shell:Skip shell extension 'powershell' for command environment: Not usable outside of PowerShell
[0.314s] DEBUG:colcon.colcon_core.shell:Skip shell extension 'dsv' for command environment
[0.317s] DEBUG:colcon.colcon_core.shell:Ignoring prefix path '/opt/ros/foxy'
[0.668s] INFO:colcon.colcon_core.task.python.build:Building Python package in '/home/rosubuntu/ws_ros2/src/route_planner'
[0.670s] INFO:colcon.colcon_core.shell:Skip shell extension 'powershell' for command environment: Not usable outside of PowerShell
[0.670s] DEBUG:colcon.colcon_core.shell:Skip shell extension 'dsv' for command environment
[0.673s] DEBUG:colcon.colcon_core.shell:Ignoring prefix path '/opt/ros/foxy'
[0.691s] DEBUG:colcon.colcon_core.event_handler.log_command:Invoking command in '/home/rosubuntu/ws_ros2/src/route_planner': PYTHONPATH=/home/rosubuntu/ws_ros2/install/route_planner/lib/python3.8/site-packages:${PYTHONPATH} /usr/bin/python3 setup.py egg_info --egg-base ../../build/route_planner build --build-base /home/rosubuntu/ws_ros2/build/route_planner/build install --prefix /home/rosubuntu/ws_ros2/install/route_planner --record /home/rosubuntu/ws_ros2/build/route_planner/install.log --single-version-externally-managed
[1.176s] DEBUG:colcon.colcon_core.event_handler.log_command:Invoked command in '/home/rosubuntu/ws_ros2/src/route_planner' returned '0': PYTHONPATH=/home/rosubuntu/ws_ros2/install/route_planner/lib/python3.8/site-packages:${PYTHONPATH} /usr/bin/python3 setup.py egg_info --egg-base ../../build/route_planner build --build-base /home/rosubuntu/ws_ros2/build/route_planner/build install --prefix /home/rosubuntu/ws_ros2/install/route_planner --record /home/rosubuntu/ws_ros2/build/route_planner/install.log --single-version-externally-managed
[1.178s] Level 1:colcon.colcon_core.environment:checking '/home/rosubuntu/ws_ros2/install/route_planner' for CMake module files
[1.179s] Level 1:colcon.colcon_core.environment:checking '/home/rosubuntu/ws_ros2/install/route_planner' for CMake config files
[1.180s] Level 1:colcon.colcon_core.environment:checking '/home/rosubuntu/ws_ros2/install/route_planner/lib'
[1.181s] Level 1:colcon.colcon_core.environment:checking '/home/rosubuntu/ws_ros2/install/route_planner/bin'
[1.181s] Level 1:colcon.colcon_core.environment:checking '/home/rosubuntu/ws_ros2/install/route_planner/lib/pkgconfig/route_planner.pc'
[1.182s] Level 1:colcon.colcon_core.environment:checking '/home/rosubuntu/ws_ros2/install/route_planner/lib/python3.8/site-packages'
[1.182s] Level 1:colcon.colcon_core.shell:create_environment_hook('route_planner', 'pythonpath')
[1.183s] INFO:colcon.colcon_core.shell:Creating environment hook '/home/rosubuntu/ws_ros2/install/route_planner/share/route_planner/hook/pythonpath.ps1'
[1.192s] INFO:colcon.colcon_core.shell:Creating environment descriptor '/home/rosubuntu/ws_ros2/install/route_planner/share/route_planner/hook/pythonpath.dsv'
[1.196s] INFO:colcon.colcon_core.shell:Creating environment hook '/home/rosubuntu/ws_ros2/install/route_planner/share/route_planner/hook/pythonpath.sh'
[1.199s] Level 1:colcon.colcon_core.environment:create_environment_scripts_only(route_planner)
[1.200s] INFO:colcon.colcon_core.shell:Creating package script '/home/rosubuntu/ws_ros2/install/route_planner/share/route_planner/package.ps1'
[1.203s] INFO:colcon.colcon_core.shell:Creating package descriptor '/home/rosubuntu/ws_ros2/install/route_planner/share/route_planner/package.dsv'
[1.206s] INFO:colcon.colcon_core.shell:Creating package script '/home/rosubuntu/ws_ros2/install/route_planner/share/route_planner/package.sh'
[1.210s] INFO:colcon.colcon_core.shell:Creating package script '/home/rosubuntu/ws_ros2/install/route_planner/share/route_planner/package.bash'
[1.214s] INFO:colcon.colcon_core.shell:Creating package script '/home/rosubuntu/ws_ros2/install/route_planner/share/route_planner/package.zsh'
[1.217s] Level 1:colcon.colcon_core.environment:create_file_with_runtime_dependencies(/home/rosubuntu/ws_ros2/install/route_planner/share/colcon-core/packages/route_planner)
[1.222s] INFO:colcon.colcon_ros.task.ament_cmake.build:Building ROS package in '/home/rosubuntu/ws_ros2/src/route_finder_launcher' with build type 'ament_cmake'
[1.223s] INFO:colcon.colcon_cmake.task.cmake.build:Building CMake package in '/home/rosubuntu/ws_ros2/src/route_finder_launcher'
[1.224s] INFO:colcon.colcon_core.shell:Skip shell extension 'powershell' for command environment: Not usable outside of PowerShell
[1.225s] DEBUG:colcon.colcon_core.shell:Skip shell extension 'dsv' for command environment
[1.227s] DEBUG:colcon.colcon_core.shell:Ignoring prefix path '/opt/ros/foxy'
[1.314s] DEBUG:colcon.colcon_core.event_handler.log_command:Invoking command in '/home/rosubuntu/ws_ros2/build/route_finder_launcher': AMENT_PREFIX_PATH=/home/rosubuntu/ws_ros2/install/route_planner:/home/rosubuntu/ws_ros2/install/route_finder_launcher:/opt/ros/foxy CMAKE_PREFIX_PATH=${CMAKE_PREFIX_PATH}:/home/rosubuntu/ws_ros2/install/route_planner:/opt/ros/foxy /usr/bin/cmake --build /home/rosubuntu/ws_ros2/build/route_finder_launcher -- -j1 -l1
[1.449s] DEBUG:colcon.colcon_core.event_handler.log_command:Invoked command in '/home/rosubuntu/ws_ros2/build/route_finder_launcher' returned '0': AMENT_PREFIX_PATH=/home/rosubuntu/ws_ros2/install/route_planner:/home/rosubuntu/ws_ros2/install/route_finder_launcher:/opt/ros/foxy CMAKE_PREFIX_PATH=${CMAKE_PREFIX_PATH}:/home/rosubuntu/ws_ros2/install/route_planner:/opt/ros/foxy /usr/bin/cmake --build /home/rosubuntu/ws_ros2/build/route_finder_launcher -- -j1 -l1
[1.532s] DEBUG:colcon.colcon_core.event_handler.log_command:Invoking command in '/home/rosubuntu/ws_ros2/build/route_finder_launcher': AMENT_PREFIX_PATH=/home/rosubuntu/ws_ros2/install/route_planner:/home/rosubuntu/ws_ros2/install/route_finder_launcher:/opt/ros/foxy CMAKE_PREFIX_PATH=${CMAKE_PREFIX_PATH}:/home/rosubuntu/ws_ros2/install/route_planner:/opt/ros/foxy /usr/bin/cmake --install /home/rosubuntu/ws_ros2/build/route_finder_launcher
[1.570s] Level 1:colcon.colcon_core.environment:create_environment_scripts_only(route_finder_launcher)
[1.577s] Level 1:colcon.colcon_core.environment:checking '/home/rosubuntu/ws_ros2/install/route_finder_launcher' for CMake module files
[1.577s] DEBUG:colcon.colcon_core.event_handler.log_command:Invoked command in '/home/rosubuntu/ws_ros2/build/route_finder_launcher' returned '0': AMENT_PREFIX_PATH=/home/rosubuntu/ws_ros2/install/route_planner:/home/rosubuntu/ws_ros2/install/route_finder_launcher:/opt/ros/foxy CMAKE_PREFIX_PATH=${CMAKE_PREFIX_PATH}:/home/rosubuntu/ws_ros2/install/route_planner:/opt/ros/foxy /usr/bin/cmake --install /home/rosubuntu/ws_ros2/build/route_finder_launcher
[1.578s] Level 1:colcon.colcon_core.environment:checking '/home/rosubuntu/ws_ros2/install/route_finder_launcher' for CMake config files
[1.579s] Level 1:colcon.colcon_core.shell:create_environment_hook('route_finder_launcher', 'cmake_prefix_path')
[1.579s] INFO:colcon.colcon_core.shell:Creating environment hook '/home/rosubuntu/ws_ros2/install/route_finder_launcher/share/route_finder_launcher/hook/cmake_prefix_path.ps1'
[1.589s] INFO:colcon.colcon_core.shell:Creating environment descriptor '/home/rosubuntu/ws_ros2/install/route_finder_launcher/share/route_finder_launcher/hook/cmake_prefix_path.dsv'
[1.591s] INFO:colcon.colcon_core.shell:Creating environment hook '/home/rosubuntu/ws_ros2/install/route_finder_launcher/share/route_finder_launcher/hook/cmake_prefix_path.sh'
[1.594s] Level 1:colcon.colcon_core.environment:checking '/home/rosubuntu/ws_ros2/install/route_finder_launcher/bin'
[1.595s] Level 1:colcon.colcon_core.environment:checking '/home/rosubuntu/ws_ros2/install/route_finder_launcher/lib/pkgconfig/route_finder_launcher.pc'
[1.596s] Level 1:colcon.colcon_core.environment:checking '/home/rosubuntu/ws_ros2/install/route_finder_launcher/lib/python3.8/site-packages'
[1.597s] INFO:colcon.colcon_core.shell:Creating package script '/home/rosubuntu/ws_ros2/install/route_finder_launcher/share/route_finder_launcher/package.ps1'
[1.601s] INFO:colcon.colcon_core.shell:Creating package descriptor '/home/rosubuntu/ws_ros2/install/route_finder_launcher/share/route_finder_launcher/package.dsv'
[1.606s] INFO:colcon.colcon_core.shell:Creating package script '/home/rosubuntu/ws_ros2/install/route_finder_launcher/share/route_finder_launcher/package.sh'
[1.609s] INFO:colcon.colcon_core.shell:Creating package script '/home/rosubuntu/ws_ros2/install/route_finder_launcher/share/route_finder_launcher/package.bash'
[1.612s] INFO:colcon.colcon_core.shell:Creating package script '/home/rosubuntu/ws_ros2/install/route_finder_launcher/share/route_finder_launcher/package.zsh'
[1.615s] Level 1:colcon.colcon_core.environment:create_file_with_runtime_dependencies(/home/rosubuntu/ws_ros2/install/route_finder_launcher/share/colcon-core/packages/route_finder_launcher)
[1.651s] Level 1:colcon.colcon_core.environment:create_environment_scripts_only(route_finder_launcher)
[1.652s] Level 1:colcon.colcon_core.environment:checking '/home/rosubuntu/ws_ros2/install/route_finder_launcher' for CMake module files
[1.653s] Level 1:colcon.colcon_core.environment:checking '/home/rosubuntu/ws_ros2/install/route_finder_launcher' for CMake config files
[1.654s] Level 1:colcon.colcon_core.shell:create_environment_hook('route_finder_launcher', 'cmake_prefix_path')
[1.655s] INFO:colcon.colcon_core.shell:Creating environment hook '/home/rosubuntu/ws_ros2/install/route_finder_launcher/share/route_finder_launcher/hook/cmake_prefix_path.ps1'
[1.659s] INFO:colcon.colcon_core.shell:Creating environment descriptor '/home/rosubuntu/ws_ros2/install/route_finder_launcher/share/route_finder_launcher/hook/cmake_prefix_path.dsv'
[1.663s] INFO:colcon.colcon_core.shell:Creating environment hook '/home/rosubuntu/ws_ros2/install/route_finder_launcher/share/route_finder_launcher/hook/cmake_prefix_path.sh'
[1.666s] Level 1:colcon.colcon_core.environment:checking '/home/rosubuntu/ws_ros2/install/route_finder_launcher/bin'
[1.667s] Level 1:colcon.colcon_core.environment:checking '/home/rosubuntu/ws_ros2/install/route_finder_launcher/lib/pkgconfig/route_finder_launcher.pc'
[1.667s] Level 1:colcon.colcon_core.environment:checking '/home/rosubuntu/ws_ros2/install/route_finder_launcher/lib/python3.8/site-packages'
[1.668s] INFO:colcon.colcon_core.shell:Creating package script '/home/rosubuntu/ws_ros2/install/route_finder_launcher/share/route_finder_launcher/package.ps1'
[1.672s] INFO:colcon.colcon_core.shell:Creating package descriptor '/home/rosubuntu/ws_ros2/install/route_finder_launcher/share/route_finder_launcher/package.dsv'
[1.675s] INFO:colcon.colcon_core.shell:Creating package script '/home/rosubuntu/ws_ros2/install/route_finder_launcher/share/route_finder_launcher/package.sh'
[1.679s] INFO:colcon.colcon_core.shell:Creating package script '/home/rosubuntu/ws_ros2/install/route_finder_launcher/share/route_finder_launcher/package.bash'
[1.682s] INFO:colcon.colcon_core.shell:Creating package script '/home/rosubuntu/ws_ros2/install/route_finder_launcher/share/route_finder_launcher/package.zsh'
[1.685s] Level 1:colcon.colcon_core.environment:create_file_with_runtime_dependencies(/home/rosubuntu/ws_ros2/install/route_finder_launcher/share/colcon-core/packages/route_finder_launcher)
[1.692s] DEBUG:colcon.colcon_parallel_executor.executor.parallel:closing loop
[1.693s] DEBUG:colcon.colcon_parallel_executor.executor.parallel:loop closed
[1.693s] DEBUG:colcon.colcon_parallel_executor.executor.parallel:run_until_complete finished with '0'
[1.693s] DEBUG:colcon.colcon_core.event_reactor:joining thread
[1.708s] INFO:colcon.colcon_core.plugin_system:Skipping extension 'colcon_notification.desktop_notification.terminal_notifier': Not used on non-Darwin systems
[1.708s] INFO:colcon.colcon_core.plugin_system:Skipping extension 'colcon_notification.desktop_notification.win32': Not used on non-Windows systems
[1.709s] INFO:colcon.colcon_notification.desktop_notification:Sending desktop notification using 'notify2'
[1.736s] DEBUG:colcon.colcon_core.event_reactor:joined thread
[1.737s] INFO:colcon.colcon_core.shell:Creating prefix script '/home/rosubuntu/ws_ros2/install/local_setup.ps1'
[1.748s] INFO:colcon.colcon_core.shell:Creating prefix util module '/home/rosubuntu/ws_ros2/install/_local_setup_util_ps1.py'
[1.765s] INFO:colcon.colcon_core.shell:Creating prefix chain script '/home/rosubuntu/ws_ros2/install/setup.ps1'
[1.771s] INFO:colcon.colcon_core.shell:Creating prefix script '/home/rosubuntu/ws_ros2/install/local_setup.sh'
[1.774s] INFO:colcon.colcon_core.shell:Creating prefix util module '/home/rosubuntu/ws_ros2/install/_local_setup_util_sh.py'
[1.786s] INFO:colcon.colcon_core.shell:Creating prefix chain script '/home/rosubuntu/ws_ros2/install/setup.sh'
[1.794s] INFO:colcon.colcon_core.shell:Creating prefix script '/home/rosubuntu/ws_ros2/install/local_setup.bash'
[1.811s] INFO:colcon.colcon_core.shell:Creating prefix chain script '/home/rosubuntu/ws_ros2/install/setup.bash'
[1.817s] INFO:colcon.colcon_core.shell:Creating prefix script '/home/rosubuntu/ws_ros2/install/local_setup.zsh'
[1.820s] INFO:colcon.colcon_core.shell:Creating prefix chain script '/home/rosubuntu/ws_ros2/install/setup.zsh'
