[0.455s] Invoking command in '/home/rosubuntu/ws_ros2/src/route_planner': PYTHONPATH=/home/rosubuntu/ws_ros2/install/route_planner/lib/python3.8/site-packages:${PYTHONPATH} /usr/bin/python3 setup.py egg_info --egg-base ../../build/route_planner build --build-base /home/rosubuntu/ws_ros2/build/route_planner/build install --prefix /home/rosubuntu/ws_ros2/install/route_planner --record /home/rosubuntu/ws_ros2/build/route_planner/install.log --single-version-externally-managed
[0.903s] running egg_info
[0.904s] writing ../../build/route_planner/route_planner.egg-info/PKG-INFO
[0.909s] writing dependency_links to ../../build/route_planner/route_planner.egg-info/dependency_links.txt
[0.913s] writing entry points to ../../build/route_planner/route_planner.egg-info/entry_points.txt
[0.917s] writing requirements to ../../build/route_planner/route_planner.egg-info/requires.txt
[0.920s] writing top-level names to ../../build/route_planner/route_planner.egg-info/top_level.txt
[1.023s] reading manifest file '../../build/route_planner/route_planner.egg-info/SOURCES.txt'
[1.028s] writing manifest file '../../build/route_planner/route_planner.egg-info/SOURCES.txt'
[1.031s] running build
[1.031s] running build_py
[1.033s] copying route_planner/user.py -> /home/rosubuntu/ws_ros2/build/route_planner/build/lib/route_planner
[1.034s] copying route_planner/terminal_pts_fetcher.py -> /home/rosubuntu/ws_ros2/build/route_planner/build/lib/route_planner
[1.036s] copying route_planner/route_planner.py -> /home/rosubuntu/ws_ros2/build/route_planner/build/lib/route_planner
[1.037s] copying route_planner/robot_state.py -> /home/rosubuntu/ws_ros2/build/route_planner/build/lib/route_planner
[1.039s] running install
[1.043s] running install_lib
[1.050s] copying /home/rosubuntu/ws_ros2/build/route_planner/build/lib/route_planner/user.py -> /home/rosubuntu/ws_ros2/install/route_planner/lib/python3.8/site-packages/route_planner
[1.051s] copying /home/rosubuntu/ws_ros2/build/route_planner/build/lib/route_planner/terminal_pts_fetcher.py -> /home/rosubuntu/ws_ros2/install/route_planner/lib/python3.8/site-packages/route_planner
[1.052s] copying /home/rosubuntu/ws_ros2/build/route_planner/build/lib/route_planner/route_planner.py -> /home/rosubuntu/ws_ros2/install/route_planner/lib/python3.8/site-packages/route_planner
[1.053s] copying /home/rosubuntu/ws_ros2/build/route_planner/build/lib/route_planner/robot_state.py -> /home/rosubuntu/ws_ros2/install/route_planner/lib/python3.8/site-packages/route_planner
[1.057s] byte-compiling /home/rosubuntu/ws_ros2/install/route_planner/lib/python3.8/site-packages/route_planner/user.py to user.cpython-38.pyc
[1.064s]   File "/home/rosubuntu/ws_ros2/install/route_planner/lib/python3.8/site-packages/route_planner/user.py", line 16
[1.065s]     def new_path_cb()
[1.065s]                     ^
[1.065s] SyntaxError: invalid syntax
[1.065s] 
[1.065s] byte-compiling /home/rosubuntu/ws_ros2/install/route_planner/lib/python3.8/site-packages/route_planner/terminal_pts_fetcher.py to terminal_pts_fetcher.cpython-38.pyc
[1.072s] byte-compiling /home/rosubuntu/ws_ros2/install/route_planner/lib/python3.8/site-packages/route_planner/route_planner.py to route_planner.cpython-38.pyc
[1.081s] byte-compiling /home/rosubuntu/ws_ros2/install/route_planner/lib/python3.8/site-packages/route_planner/robot_state.py to robot_state.cpython-38.pyc
[1.084s] running install_data
[1.087s] running install_egg_info
[1.094s] removing '/home/rosubuntu/ws_ros2/install/route_planner/lib/python3.8/site-packages/route_planner-0.0.0-py3.8.egg-info' (and everything under it)
[1.094s] Copying ../../build/route_planner/route_planner.egg-info to /home/rosubuntu/ws_ros2/install/route_planner/lib/python3.8/site-packages/route_planner-0.0.0-py3.8.egg-info
[1.103s] running install_scripts
[1.180s] Installing npc_with_quest = route_planner.terminal_pts_fetcher:mainpath_planner = route_planner.path_planner:mainuser script to /home/rosubuntu/ws_ros2/install/route_planner/lib/route_planner
[1.184s] writing list of installed files to '/home/rosubuntu/ws_ros2/build/route_planner/install.log'
[1.227s] Invoked command in '/home/rosubuntu/ws_ros2/src/route_planner' returned '0': PYTHONPATH=/home/rosubuntu/ws_ros2/install/route_planner/lib/python3.8/site-packages:${PYTHONPATH} /usr/bin/python3 setup.py egg_info --egg-base ../../build/route_planner build --build-base /home/rosubuntu/ws_ros2/build/route_planner/build install --prefix /home/rosubuntu/ws_ros2/install/route_planner --record /home/rosubuntu/ws_ros2/build/route_planner/install.log --single-version-externally-managed
