[0.518s] Invoking command in '/home/rosubuntu/ws_ros2/src/route_planner': PYTHONPATH=/home/rosubuntu/ws_ros2/install/route_planner/lib/python3.8/site-packages:${PYTHONPATH} /usr/bin/python3 setup.py egg_info --egg-base ../../build/route_planner build --build-base /home/rosubuntu/ws_ros2/build/route_planner/build install --prefix /home/rosubuntu/ws_ros2/install/route_planner --record /home/rosubuntu/ws_ros2/build/route_planner/install.log --single-version-externally-managed
[0.912s] running egg_info
[0.914s] writing ../../build/route_planner/route_planner.egg-info/PKG-INFO
[0.920s] writing dependency_links to ../../build/route_planner/route_planner.egg-info/dependency_links.txt
[0.923s] writing entry points to ../../build/route_planner/route_planner.egg-info/entry_points.txt
[0.928s] writing requirements to ../../build/route_planner/route_planner.egg-info/requires.txt
[0.932s] writing top-level names to ../../build/route_planner/route_planner.egg-info/top_level.txt
[0.999s] reading manifest file '../../build/route_planner/route_planner.egg-info/SOURCES.txt'
[1.003s] writing manifest file '../../build/route_planner/route_planner.egg-info/SOURCES.txt'
[1.006s] running build
[1.008s] running build_py
[1.009s] copying route_planner/user.py -> /home/rosubuntu/ws_ros2/build/route_planner/build/lib/route_planner
[1.011s] running install
[1.014s] running install_lib
[1.020s] copying /home/rosubuntu/ws_ros2/build/route_planner/build/lib/route_planner/user.py -> /home/rosubuntu/ws_ros2/install/route_planner/lib/python3.8/site-packages/route_planner
[1.025s] byte-compiling /home/rosubuntu/ws_ros2/install/route_planner/lib/python3.8/site-packages/route_planner/user.py to user.cpython-38.pyc
[1.033s] running install_data
[1.034s] running install_egg_info
[1.045s] removing '/home/rosubuntu/ws_ros2/install/route_planner/lib/python3.8/site-packages/route_planner-0.0.0-py3.8.egg-info' (and everything under it)
[1.048s] Copying ../../build/route_planner/route_planner.egg-info to /home/rosubuntu/ws_ros2/install/route_planner/lib/python3.8/site-packages/route_planner-0.0.0-py3.8.egg-info
[1.049s] running install_scripts
[1.097s] Installing npc_with_quest = route_planner.terminal_pts_fetcher:mainpath_planner = route_planner.path_planner:mainuser script to /home/rosubuntu/ws_ros2/install/route_planner/lib/route_planner
[1.103s] writing list of installed files to '/home/rosubuntu/ws_ros2/build/route_planner/install.log'
[1.135s] Invoked command in '/home/rosubuntu/ws_ros2/src/route_planner' returned '0': PYTHONPATH=/home/rosubuntu/ws_ros2/install/route_planner/lib/python3.8/site-packages:${PYTHONPATH} /usr/bin/python3 setup.py egg_info --egg-base ../../build/route_planner build --build-base /home/rosubuntu/ws_ros2/build/route_planner/build install --prefix /home/rosubuntu/ws_ros2/install/route_planner --record /home/rosubuntu/ws_ros2/build/route_planner/install.log --single-version-externally-managed
