[0.400s] Invoking command in '/home/rosubuntu/ws_ros2/src/route_planner': PYTHONPATH=/home/rosubuntu/ws_ros2/install/route_planner/lib/python3.8/site-packages:${PYTHONPATH} /usr/bin/python3 setup.py egg_info --egg-base ../../build/route_planner build --build-base /home/rosubuntu/ws_ros2/build/route_planner/build install --prefix /home/rosubuntu/ws_ros2/install/route_planner --record /home/rosubuntu/ws_ros2/build/route_planner/install.log --single-version-externally-managed
[0.701s] running egg_info
[0.708s] writing ../../build/route_planner/route_planner.egg-info/PKG-INFO
[0.712s] writing dependency_links to ../../build/route_planner/route_planner.egg-info/dependency_links.txt
[0.715s] writing entry points to ../../build/route_planner/route_planner.egg-info/entry_points.txt
[0.719s] writing requirements to ../../build/route_planner/route_planner.egg-info/requires.txt
[0.721s] writing top-level names to ../../build/route_planner/route_planner.egg-info/top_level.txt
[0.772s] reading manifest file '../../build/route_planner/route_planner.egg-info/SOURCES.txt'
[0.775s] writing manifest file '../../build/route_planner/route_planner.egg-info/SOURCES.txt'
[0.786s] running build
[0.786s] running build_py
[0.786s] copying route_planner/__init__.py -> /home/rosubuntu/ws_ros2/build/route_planner/build/lib/route_planner
[0.787s] copying route_planner/euler_from_q.py -> /home/rosubuntu/ws_ros2/build/route_planner/build/lib/route_planner
[0.787s] copying route_planner/terminal_pts_fetcher.py -> /home/rosubuntu/ws_ros2/build/route_planner/build/lib/route_planner
[0.787s] copying route_planner/route_planner.py -> /home/rosubuntu/ws_ros2/build/route_planner/build/lib/route_planner
[0.788s] copying route_planner/robot_state.py -> /home/rosubuntu/ws_ros2/build/route_planner/build/lib/route_planner
[0.788s] running install
[0.791s] running install_lib
[0.794s] copying /home/rosubuntu/ws_ros2/build/route_planner/build/lib/route_planner/__init__.py -> /home/rosubuntu/ws_ros2/install/route_planner/lib/python3.8/site-packages/route_planner
[0.794s] copying /home/rosubuntu/ws_ros2/build/route_planner/build/lib/route_planner/euler_from_q.py -> /home/rosubuntu/ws_ros2/install/route_planner/lib/python3.8/site-packages/route_planner
[0.794s] copying /home/rosubuntu/ws_ros2/build/route_planner/build/lib/route_planner/terminal_pts_fetcher.py -> /home/rosubuntu/ws_ros2/install/route_planner/lib/python3.8/site-packages/route_planner
[0.796s] copying /home/rosubuntu/ws_ros2/build/route_planner/build/lib/route_planner/route_planner.py -> /home/rosubuntu/ws_ros2/install/route_planner/lib/python3.8/site-packages/route_planner
[0.796s] copying /home/rosubuntu/ws_ros2/build/route_planner/build/lib/route_planner/robot_state.py -> /home/rosubuntu/ws_ros2/install/route_planner/lib/python3.8/site-packages/route_planner
[0.797s] byte-compiling /home/rosubuntu/ws_ros2/install/route_planner/lib/python3.8/site-packages/route_planner/__init__.py to __init__.cpython-38.pyc
[0.806s] byte-compiling /home/rosubuntu/ws_ros2/install/route_planner/lib/python3.8/site-packages/route_planner/euler_from_q.py to euler_from_q.cpython-38.pyc
[0.808s] byte-compiling /home/rosubuntu/ws_ros2/install/route_planner/lib/python3.8/site-packages/route_planner/terminal_pts_fetcher.py to terminal_pts_fetcher.cpython-38.pyc
[0.808s] byte-compiling /home/rosubuntu/ws_ros2/install/route_planner/lib/python3.8/site-packages/route_planner/route_planner.py to route_planner.cpython-38.pyc
[0.811s] byte-compiling /home/rosubuntu/ws_ros2/install/route_planner/lib/python3.8/site-packages/route_planner/robot_state.py to robot_state.cpython-38.pyc
[0.811s] running install_data
[0.815s] running install_egg_info
[0.820s] removing '/home/rosubuntu/ws_ros2/install/route_planner/lib/python3.8/site-packages/route_planner-0.0.0-py3.8.egg-info' (and everything under it)
[0.820s] Copying ../../build/route_planner/route_planner.egg-info to /home/rosubuntu/ws_ros2/install/route_planner/lib/python3.8/site-packages/route_planner-0.0.0-py3.8.egg-info
[0.825s] running install_scripts
[0.857s] writing list of installed files to '/home/rosubuntu/ws_ros2/build/route_planner/install.log'
[0.900s] Invoked command in '/home/rosubuntu/ws_ros2/src/route_planner' returned '0': PYTHONPATH=/home/rosubuntu/ws_ros2/install/route_planner/lib/python3.8/site-packages:${PYTHONPATH} /usr/bin/python3 setup.py egg_info --egg-base ../../build/route_planner build --build-base /home/rosubuntu/ws_ros2/build/route_planner/build install --prefix /home/rosubuntu/ws_ros2/install/route_planner --record /home/rosubuntu/ws_ros2/build/route_planner/install.log --single-version-externally-managed
