[0.078s] Invoking command in '/home/rosubuntu/ws_ros2/build/route_finder_launcher': CMAKE_PREFIX_PATH=/home/rosubuntu/ws_ros2/install/route_planner:/opt/ros/foxy /usr/bin/cmake /home/rosubuntu/ws_ros2/src/route_finder_launcher -DCMAKE_INSTALL_PREFIX=/home/rosubuntu/ws_ros2/install/route_finder_launcher
[0.883s] -- The C compiler identification is GNU 9.3.0
[1.730s] -- The CXX compiler identification is GNU 9.3.0
[1.775s] -- Check for working C compiler: /usr/bin/cc
[1.939s] -- Check for working C compiler: /usr/bin/cc -- works
[1.955s] -- Detecting C compiler ABI info
[2.130s] -- Detecting C compiler ABI info - done
[2.165s] -- Detecting C compile features
[2.168s] -- Detecting C compile features - done
[2.182s] -- Check for working CXX compiler: /usr/bin/c++
[2.417s] -- Check for working CXX compiler: /usr/bin/c++ -- works
[2.419s] -- Detecting CXX compiler ABI info
[2.671s] -- Detecting CXX compiler ABI info - done
[2.706s] -- Detecting CXX compile features
[2.707s] -- Detecting CXX compile features - done
[2.747s] -- Found ament_cmake: 0.9.8 (/opt/ros/foxy/share/ament_cmake/cmake)
[2.838s] -- Found PythonInterp: /usr/bin/python3 (found suitable version "3.8.5", minimum required is "3") 
[2.840s] -- Using PYTHON_EXECUTABLE: /usr/bin/python3
[3.470s] -- Configuring done
[3.480s] -- Generating done
[3.490s] -- Build files have been written to: /home/rosubuntu/ws_ros2/build/route_finder_launcher
[3.509s] Invoked command in '/home/rosubuntu/ws_ros2/build/route_finder_launcher' returned '0': CMAKE_PREFIX_PATH=/home/rosubuntu/ws_ros2/install/route_planner:/opt/ros/foxy /usr/bin/cmake /home/rosubuntu/ws_ros2/src/route_finder_launcher -DCMAKE_INSTALL_PREFIX=/home/rosubuntu/ws_ros2/install/route_finder_launcher
[3.510s] Invoking command in '/home/rosubuntu/ws_ros2/build/route_finder_launcher': CMAKE_PREFIX_PATH=/home/rosubuntu/ws_ros2/install/route_planner:/opt/ros/foxy /usr/bin/cmake --build /home/rosubuntu/ws_ros2/build/route_finder_launcher -- -j1 -l1
[3.633s] Invoked command in '/home/rosubuntu/ws_ros2/build/route_finder_launcher' returned '0': CMAKE_PREFIX_PATH=/home/rosubuntu/ws_ros2/install/route_planner:/opt/ros/foxy /usr/bin/cmake --build /home/rosubuntu/ws_ros2/build/route_finder_launcher -- -j1 -l1
[3.693s] Invoking command in '/home/rosubuntu/ws_ros2/build/route_finder_launcher': CMAKE_PREFIX_PATH=/home/rosubuntu/ws_ros2/install/route_planner:/opt/ros/foxy /usr/bin/cmake --install /home/rosubuntu/ws_ros2/build/route_finder_launcher
[3.715s] -- Install configuration: ""
[3.717s] -- Installing: /home/rosubuntu/ws_ros2/install/route_finder_launcher/share/$(PROJECT_NAME)/launch
[3.717s] -- Installing: /home/rosubuntu/ws_ros2/install/route_finder_launcher/share/$(PROJECT_NAME)/launch/jb_assigned.launch.py
[3.719s] -- Installing: /home/rosubuntu/ws_ros2/install/route_finder_launcher/share/ament_index/resource_index/package_run_dependencies/route_finder_launcher
[3.720s] -- Installing: /home/rosubuntu/ws_ros2/install/route_finder_launcher/share/ament_index/resource_index/parent_prefix_path/route_finder_launcher
[3.724s] -- Installing: /home/rosubuntu/ws_ros2/install/route_finder_launcher/share/route_finder_launcher/environment/ament_prefix_path.sh
[3.724s] -- Installing: /home/rosubuntu/ws_ros2/install/route_finder_launcher/share/route_finder_launcher/environment/ament_prefix_path.dsv
[3.726s] -- Installing: /home/rosubuntu/ws_ros2/install/route_finder_launcher/share/route_finder_launcher/environment/path.sh
[3.727s] -- Installing: /home/rosubuntu/ws_ros2/install/route_finder_launcher/share/route_finder_launcher/environment/path.dsv
[3.727s] -- Installing: /home/rosubuntu/ws_ros2/install/route_finder_launcher/share/route_finder_launcher/local_setup.bash
[3.729s] -- Installing: /home/rosubuntu/ws_ros2/install/route_finder_launcher/share/route_finder_launcher/local_setup.sh
[3.729s] -- Installing: /home/rosubuntu/ws_ros2/install/route_finder_launcher/share/route_finder_launcher/local_setup.zsh
[3.730s] -- Installing: /home/rosubuntu/ws_ros2/install/route_finder_launcher/share/route_finder_launcher/local_setup.dsv
[3.731s] -- Installing: /home/rosubuntu/ws_ros2/install/route_finder_launcher/share/route_finder_launcher/package.dsv
[3.732s] -- Installing: /home/rosubuntu/ws_ros2/install/route_finder_launcher/share/ament_index/resource_index/packages/route_finder_launcher
[3.732s] -- Installing: /home/rosubuntu/ws_ros2/install/route_finder_launcher/share/route_finder_launcher/cmake/route_finder_launcherConfig.cmake
[3.734s] -- Installing: /home/rosubuntu/ws_ros2/install/route_finder_launcher/share/route_finder_launcher/cmake/route_finder_launcherConfig-version.cmake
[3.734s] -- Installing: /home/rosubuntu/ws_ros2/install/route_finder_launcher/share/route_finder_launcher/package.xml
[3.746s] Invoked command in '/home/rosubuntu/ws_ros2/build/route_finder_launcher' returned '0': CMAKE_PREFIX_PATH=/home/rosubuntu/ws_ros2/install/route_planner:/opt/ros/foxy /usr/bin/cmake --install /home/rosubuntu/ws_ros2/build/route_finder_launcher
