[0.201s] DEBUG:colcon:Command line arguments: ['/usr/bin/colcon', 'build']
[0.201s] DEBUG:colcon:Parsed command line arguments: Namespace(ament_cmake_args=None, base_paths=['.'], build_base='build', catkin_cmake_args=None, catkin_skip_building_tests=False, cmake_args=None, cmake_clean_cache=False, cmake_clean_first=False, cmake_force_configure=False, cmake_target=None, cmake_target_skip_unavailable=False, continue_on_error=False, event_handlers=None, executor='parallel', ignore_user_meta=False, install_base='install', log_base=None, log_level=None, main=<bound method BuildVerb.main of <colcon_core.verb.build.BuildVerb object at 0x7f760263c070>>, merge_install=False, metas=['./colcon.meta'], packages_above=None, packages_above_and_dependencies=None, packages_above_depth=None, packages_end=None, packages_ignore=None, packages_ignore_regex=None, packages_select=None, packages_select_build_failed=False, packages_select_by_dep=None, packages_select_regex=None, packages_select_test_failures=False, packages_skip=None, packages_skip_build_finished=False, packages_skip_by_dep=None, packages_skip_regex=None, packages_skip_test_passed=False, packages_skip_up_to=None, packages_start=None, packages_up_to=None, packages_up_to_regex=None, parallel_workers=1, paths=None, symlink_install=False, test_result_base=None, verb_extension=<colcon_core.verb.build.BuildVerb object at 0x7f760263c070>, verb_name='build', verb_parser=<colcon_defaults.argument_parser.defaults.DefaultArgumentsDecorator object at 0x7f760263c5b0>)
[0.206s] Level 1:colcon.colcon_core.package_discovery:discover_packages(colcon_meta) check parameters
[0.213s] Level 1:colcon.colcon_core.package_discovery:discover_packages(recursive) check parameters
[0.213s] Level 1:colcon.colcon_core.package_discovery:discover_packages(ignore) check parameters
[0.214s] Level 1:colcon.colcon_core.package_discovery:discover_packages(path) check parameters
[0.214s] Level 1:colcon.colcon_core.package_discovery:discover_packages(colcon_meta) discover
[0.214s] Level 1:colcon.colcon_core.package_discovery:discover_packages(recursive) discover
[0.215s] INFO:colcon.colcon_core.package_discovery:Crawling recursively for packages in '/home/rosubuntu/ws_ros2'
[0.215s] Level 1:colcon.colcon_core.package_identification:_identify(.) by extensions ['ignore', 'ignore_ament_install']
[0.216s] Level 1:colcon.colcon_core.package_identification:_identify(.) by extension 'ignore'
[0.217s] Level 1:colcon.colcon_core.package_identification:_identify(.) by extension 'ignore_ament_install'
[0.217s] Level 1:colcon.colcon_core.package_identification:_identify(.) by extensions ['colcon_pkg']
[0.217s] Level 1:colcon.colcon_core.package_identification:_identify(.) by extension 'colcon_pkg'
[0.217s] Level 1:colcon.colcon_core.package_identification:_identify(.) by extensions ['colcon_meta']
[0.217s] Level 1:colcon.colcon_core.package_identification:_identify(.) by extension 'colcon_meta'
[0.219s] Level 1:colcon.colcon_core.package_identification:_identify(.) by extensions ['ros']
[0.219s] Level 1:colcon.colcon_core.package_identification:_identify(.) by extension 'ros'
[0.241s] Level 1:colcon.colcon_core.package_identification:_identify(.) by extensions ['cmake', 'python']
[0.242s] Level 1:colcon.colcon_core.package_identification:_identify(.) by extension 'cmake'
[0.242s] Level 1:colcon.colcon_core.package_identification:_identify(.) by extension 'python'
[0.243s] Level 1:colcon.colcon_core.package_identification:_identify(.) by extensions ['python_setup_py']
[0.243s] Level 1:colcon.colcon_core.package_identification:_identify(.) by extension 'python_setup_py'
[0.244s] Level 1:colcon.colcon_core.package_identification:_identify(build) by extensions ['ignore', 'ignore_ament_install']
[0.244s] Level 1:colcon.colcon_core.package_identification:_identify(build) by extension 'ignore'
[0.244s] Level 1:colcon.colcon_core.package_identification:_identify(build) ignored
[0.245s] Level 1:colcon.colcon_core.package_identification:_identify(install) by extensions ['ignore', 'ignore_ament_install']
[0.246s] Level 1:colcon.colcon_core.package_identification:_identify(install) by extension 'ignore'
[0.246s] Level 1:colcon.colcon_core.package_identification:_identify(install) ignored
[0.247s] Level 1:colcon.colcon_core.package_identification:_identify(log) by extensions ['ignore', 'ignore_ament_install']
[0.247s] Level 1:colcon.colcon_core.package_identification:_identify(log) by extension 'ignore'
[0.247s] Level 1:colcon.colcon_core.package_identification:_identify(log) ignored
[0.247s] Level 1:colcon.colcon_core.package_identification:_identify(src) by extensions ['ignore', 'ignore_ament_install']
[0.247s] Level 1:colcon.colcon_core.package_identification:_identify(src) by extension 'ignore'
[0.247s] Level 1:colcon.colcon_core.package_identification:_identify(src) by extension 'ignore_ament_install'
[0.247s] Level 1:colcon.colcon_core.package_identification:_identify(src) by extensions ['colcon_pkg']
[0.247s] Level 1:colcon.colcon_core.package_identification:_identify(src) by extension 'colcon_pkg'
[0.247s] Level 1:colcon.colcon_core.package_identification:_identify(src) by extensions ['colcon_meta']
[0.247s] Level 1:colcon.colcon_core.package_identification:_identify(src) by extension 'colcon_meta'
[0.247s] Level 1:colcon.colcon_core.package_identification:_identify(src) by extensions ['ros']
[0.247s] Level 1:colcon.colcon_core.package_identification:_identify(src) by extension 'ros'
[0.247s] Level 1:colcon.colcon_core.package_identification:_identify(src) by extensions ['cmake', 'python']
[0.247s] Level 1:colcon.colcon_core.package_identification:_identify(src) by extension 'cmake'
[0.248s] Level 1:colcon.colcon_core.package_identification:_identify(src) by extension 'python'
[0.248s] Level 1:colcon.colcon_core.package_identification:_identify(src) by extensions ['python_setup_py']
[0.248s] Level 1:colcon.colcon_core.package_identification:_identify(src) by extension 'python_setup_py'
[0.248s] Level 1:colcon.colcon_core.package_identification:_identify(src/route_finder_launcher) by extensions ['ignore', 'ignore_ament_install']
[0.248s] Level 1:colcon.colcon_core.package_identification:_identify(src/route_finder_launcher) by extension 'ignore'
[0.248s] Level 1:colcon.colcon_core.package_identification:_identify(src/route_finder_launcher) by extension 'ignore_ament_install'
[0.248s] Level 1:colcon.colcon_core.package_identification:_identify(src/route_finder_launcher) by extensions ['colcon_pkg']
[0.248s] Level 1:colcon.colcon_core.package_identification:_identify(src/route_finder_launcher) by extension 'colcon_pkg'
[0.248s] Level 1:colcon.colcon_core.package_identification:_identify(src/route_finder_launcher) by extensions ['colcon_meta']
[0.248s] Level 1:colcon.colcon_core.package_identification:_identify(src/route_finder_launcher) by extension 'colcon_meta'
[0.248s] Level 1:colcon.colcon_core.package_identification:_identify(src/route_finder_launcher) by extensions ['ros']
[0.248s] Level 1:colcon.colcon_core.package_identification:_identify(src/route_finder_launcher) by extension 'ros'
[0.253s] DEBUG:colcon.colcon_core.package_identification:Package 'src/route_finder_launcher' with type 'ros.ament_cmake' and name 'route_finder_launcher'
[0.254s] Level 1:colcon.colcon_core.package_identification:_identify(src/route_planner) by extensions ['ignore', 'ignore_ament_install']
[0.254s] Level 1:colcon.colcon_core.package_identification:_identify(src/route_planner) by extension 'ignore'
[0.255s] Level 1:colcon.colcon_core.package_identification:_identify(src/route_planner) by extension 'ignore_ament_install'
[0.255s] Level 1:colcon.colcon_core.package_identification:_identify(src/route_planner) by extensions ['colcon_pkg']
[0.255s] Level 1:colcon.colcon_core.package_identification:_identify(src/route_planner) by extension 'colcon_pkg'
[0.256s] Level 1:colcon.colcon_core.package_identification:_identify(src/route_planner) by extensions ['colcon_meta']
[0.256s] Level 1:colcon.colcon_core.package_identification:_identify(src/route_planner) by extension 'colcon_meta'
[0.256s] Level 1:colcon.colcon_core.package_identification:_identify(src/route_planner) by extensions ['ros']
[0.256s] Level 1:colcon.colcon_core.package_identification:_identify(src/route_planner) by extension 'ros'
[0.258s] DEBUG:colcon.colcon_core.package_identification:Package 'src/route_planner' with type 'ros.ament_python' and name 'route_planner'
[0.258s] Level 1:colcon.colcon_core.package_discovery:discover_packages(recursive) using defaults
[0.259s] Level 1:colcon.colcon_core.package_discovery:discover_packages(ignore) discover
[0.259s] Level 1:colcon.colcon_core.package_discovery:discover_packages(ignore) using defaults
[0.260s] Level 1:colcon.colcon_core.package_discovery:discover_packages(path) discover
[0.261s] Level 1:colcon.colcon_core.package_discovery:discover_packages(path) using defaults
[0.306s] Level 5:colcon.colcon_core.verb:set package 'route_planner' build argument 'cmake_args' from command line to 'None'
[0.307s] Level 5:colcon.colcon_core.verb:set package 'route_planner' build argument 'cmake_target' from command line to 'None'
[0.307s] Level 5:colcon.colcon_core.verb:set package 'route_planner' build argument 'cmake_target_skip_unavailable' from command line to 'False'
[0.308s] Level 5:colcon.colcon_core.verb:set package 'route_planner' build argument 'cmake_clean_cache' from command line to 'False'
[0.308s] Level 5:colcon.colcon_core.verb:set package 'route_planner' build argument 'cmake_clean_first' from command line to 'False'
[0.308s] Level 5:colcon.colcon_core.verb:set package 'route_planner' build argument 'cmake_force_configure' from command line to 'False'
[0.309s] Level 5:colcon.colcon_core.verb:set package 'route_planner' build argument 'ament_cmake_args' from command line to 'None'
[0.309s] Level 5:colcon.colcon_core.verb:set package 'route_planner' build argument 'catkin_cmake_args' from command line to 'None'
[0.309s] Level 5:colcon.colcon_core.verb:set package 'route_planner' build argument 'catkin_skip_building_tests' from command line to 'False'
[0.310s] DEBUG:colcon.colcon_core.verb:Building package 'route_planner' with the following arguments: {'ament_cmake_args': None, 'build_base': '/home/rosubuntu/ws_ros2/build/route_planner', 'catkin_cmake_args': None, 'catkin_skip_building_tests': False, 'cmake_args': None, 'cmake_clean_cache': False, 'cmake_clean_first': False, 'cmake_force_configure': False, 'cmake_target': None, 'cmake_target_skip_unavailable': False, 'install_base': '/home/rosubuntu/ws_ros2/install/route_planner', 'merge_install': False, 'path': '/home/rosubuntu/ws_ros2/src/route_planner', 'symlink_install': False, 'test_result_base': None}
[0.314s] Level 5:colcon.colcon_core.verb:set package 'route_finder_launcher' build argument 'cmake_args' from command line to 'None'
[0.314s] Level 5:colcon.colcon_core.verb:set package 'route_finder_launcher' build argument 'cmake_target' from command line to 'None'
[0.314s] Level 5:colcon.colcon_core.verb:set package 'route_finder_launcher' build argument 'cmake_target_skip_unavailable' from command line to 'False'
[0.315s] Level 5:colcon.colcon_core.verb:set package 'route_finder_launcher' build argument 'cmake_clean_cache' from command line to 'False'
[0.315s] Level 5:colcon.colcon_core.verb:set package 'route_finder_launcher' build argument 'cmake_clean_first' from command line to 'False'
[0.315s] Level 5:colcon.colcon_core.verb:set package 'route_finder_launcher' build argument 'cmake_force_configure' from command line to 'False'
[0.316s] Level 5:colcon.colcon_core.verb:set package 'route_finder_launcher' build argument 'ament_cmake_args' from command line to 'None'
[0.316s] Level 5:colcon.colcon_core.verb:set package 'route_finder_launcher' build argument 'catkin_cmake_args' from command line to 'None'
[0.316s] Level 5:colcon.colcon_core.verb:set package 'route_finder_launcher' build argument 'catkin_skip_building_tests' from command line to 'False'
[0.316s] DEBUG:colcon.colcon_core.verb:Building package 'route_finder_launcher' with the following arguments: {'ament_cmake_args': None, 'build_base': '/home/rosubuntu/ws_ros2/build/route_finder_launcher', 'catkin_cmake_args': None, 'catkin_skip_building_tests': False, 'cmake_args': None, 'cmake_clean_cache': False, 'cmake_clean_first': False, 'cmake_force_configure': False, 'cmake_target': None, 'cmake_target_skip_unavailable': False, 'install_base': '/home/rosubuntu/ws_ros2/install/route_finder_launcher', 'merge_install': False, 'path': '/home/rosubuntu/ws_ros2/src/route_finder_launcher', 'symlink_install': False, 'test_result_base': None}
[0.318s] INFO:colcon.colcon_core.executor:Executing jobs using 'parallel' executor
[0.321s] DEBUG:colcon.colcon_parallel_executor.executor.parallel:run_until_complete
[0.322s] INFO:colcon.colcon_ros.task.ament_python.build:Building ROS package in '/home/rosubuntu/ws_ros2/src/route_planner' with build type 'ament_python'
[0.323s] Level 1:colcon.colcon_core.shell:create_environment_hook('route_planner', 'ament_prefix_path')
[0.331s] INFO:colcon.colcon_core.plugin_system:Skipping extension 'colcon_core.shell.bat': Not used on non-Windows systems
[0.332s] INFO:colcon.colcon_core.shell:Creating environment hook '/home/rosubuntu/ws_ros2/install/route_planner/share/route_planner/hook/ament_prefix_path.ps1'
[0.335s] INFO:colcon.colcon_core.shell:Creating environment descriptor '/home/rosubuntu/ws_ros2/install/route_planner/share/route_planner/hook/ament_prefix_path.dsv'
[0.338s] INFO:colcon.colcon_core.shell:Creating environment hook '/home/rosubuntu/ws_ros2/install/route_planner/share/route_planner/hook/ament_prefix_path.sh'
[0.342s] INFO:colcon.colcon_core.shell:Skip shell extension 'powershell' for command environment: Not usable outside of PowerShell
[0.342s] DEBUG:colcon.colcon_core.shell:Skip shell extension 'dsv' for command environment
[0.347s] DEBUG:colcon.colcon_core.shell:Ignoring prefix path '/opt/ros/foxy'
[0.807s] INFO:colcon.colcon_core.task.python.build:Building Python package in '/home/rosubuntu/ws_ros2/src/route_planner'
[0.808s] INFO:colcon.colcon_core.shell:Skip shell extension 'powershell' for command environment: Not usable outside of PowerShell
[0.809s] DEBUG:colcon.colcon_core.shell:Skip shell extension 'dsv' for command environment
[0.812s] DEBUG:colcon.colcon_core.shell:Ignoring prefix path '/opt/ros/foxy'
[0.830s] DEBUG:colcon.colcon_core.event_handler.log_command:Invoking command in '/home/rosubuntu/ws_ros2/src/route_planner': PYTHONPATH=/home/rosubuntu/ws_ros2/install/route_planner/lib/python3.8/site-packages:${PYTHONPATH} /usr/bin/python3 setup.py egg_info --egg-base ../../build/route_planner build --build-base /home/rosubuntu/ws_ros2/build/route_planner/build install --prefix /home/rosubuntu/ws_ros2/install/route_planner --record /home/rosubuntu/ws_ros2/build/route_planner/install.log --single-version-externally-managed
[1.394s] Level 1:colcon.colcon_core.environment:checking '/home/rosubuntu/ws_ros2/install/route_planner' for CMake module files
[1.395s] Level 1:colcon.colcon_core.environment:checking '/home/rosubuntu/ws_ros2/install/route_planner' for CMake config files
[1.396s] Level 1:colcon.colcon_core.environment:checking '/home/rosubuntu/ws_ros2/install/route_planner/lib'
[1.396s] Level 1:colcon.colcon_core.environment:checking '/home/rosubuntu/ws_ros2/install/route_planner/bin'
[1.396s] Level 1:colcon.colcon_core.environment:checking '/home/rosubuntu/ws_ros2/install/route_planner/lib/pkgconfig/route_planner.pc'
[1.396s] Level 1:colcon.colcon_core.environment:checking '/home/rosubuntu/ws_ros2/install/route_planner/lib/python3.8/site-packages'
[1.396s] Level 1:colcon.colcon_core.shell:create_environment_hook('route_planner', 'pythonpath')
[1.397s] INFO:colcon.colcon_core.shell:Creating environment hook '/home/rosubuntu/ws_ros2/install/route_planner/share/route_planner/hook/pythonpath.ps1'
[1.414s] DEBUG:colcon.colcon_core.event_handler.log_command:Invoked command in '/home/rosubuntu/ws_ros2/src/route_planner' returned '0': PYTHONPATH=/home/rosubuntu/ws_ros2/install/route_planner/lib/python3.8/site-packages:${PYTHONPATH} /usr/bin/python3 setup.py egg_info --egg-base ../../build/route_planner build --build-base /home/rosubuntu/ws_ros2/build/route_planner/build install --prefix /home/rosubuntu/ws_ros2/install/route_planner --record /home/rosubuntu/ws_ros2/build/route_planner/install.log --single-version-externally-managed
[1.414s] INFO:colcon.colcon_core.shell:Creating environment descriptor '/home/rosubuntu/ws_ros2/install/route_planner/share/route_planner/hook/pythonpath.dsv'
[1.415s] INFO:colcon.colcon_core.shell:Creating environment hook '/home/rosubuntu/ws_ros2/install/route_planner/share/route_planner/hook/pythonpath.sh'
[1.415s] Level 1:colcon.colcon_core.environment:create_environment_scripts_only(route_planner)
[1.417s] INFO:colcon.colcon_core.shell:Creating package script '/home/rosubuntu/ws_ros2/install/route_planner/share/route_planner/package.ps1'
[1.419s] INFO:colcon.colcon_core.shell:Creating package descriptor '/home/rosubuntu/ws_ros2/install/route_planner/share/route_planner/package.dsv'
[1.421s] INFO:colcon.colcon_core.shell:Creating package script '/home/rosubuntu/ws_ros2/install/route_planner/share/route_planner/package.sh'
[1.425s] INFO:colcon.colcon_core.shell:Creating package script '/home/rosubuntu/ws_ros2/install/route_planner/share/route_planner/package.bash'
[1.434s] INFO:colcon.colcon_core.shell:Creating package script '/home/rosubuntu/ws_ros2/install/route_planner/share/route_planner/package.zsh'
[1.435s] Level 1:colcon.colcon_core.environment:create_file_with_runtime_dependencies(/home/rosubuntu/ws_ros2/install/route_planner/share/colcon-core/packages/route_planner)
[1.438s] INFO:colcon.colcon_ros.task.ament_cmake.build:Building ROS package in '/home/rosubuntu/ws_ros2/src/route_finder_launcher' with build type 'ament_cmake'
[1.440s] INFO:colcon.colcon_cmake.task.cmake.build:Building CMake package in '/home/rosubuntu/ws_ros2/src/route_finder_launcher'
[1.440s] INFO:colcon.colcon_core.shell:Skip shell extension 'powershell' for command environment: Not usable outside of PowerShell
[1.440s] DEBUG:colcon.colcon_core.shell:Skip shell extension 'dsv' for command environment
[1.442s] DEBUG:colcon.colcon_core.shell:Ignoring prefix path '/opt/ros/foxy'
[1.499s] DEBUG:colcon.colcon_core.event_handler.log_command:Invoking command in '/home/rosubuntu/ws_ros2/build/route_finder_launcher': AMENT_PREFIX_PATH=/home/rosubuntu/ws_ros2/install/route_planner:/home/rosubuntu/ws_ros2/install/route_finder_launcher:/opt/ros/foxy CMAKE_PREFIX_PATH=${CMAKE_PREFIX_PATH}:/home/rosubuntu/ws_ros2/install/route_planner:/opt/ros/foxy /usr/bin/cmake --build /home/rosubuntu/ws_ros2/build/route_finder_launcher -- -j1 -l1
[1.671s] DEBUG:colcon.colcon_core.event_handler.log_command:Invoked command in '/home/rosubuntu/ws_ros2/build/route_finder_launcher' returned '0': AMENT_PREFIX_PATH=/home/rosubuntu/ws_ros2/install/route_planner:/home/rosubuntu/ws_ros2/install/route_finder_launcher:/opt/ros/foxy CMAKE_PREFIX_PATH=${CMAKE_PREFIX_PATH}:/home/rosubuntu/ws_ros2/install/route_planner:/opt/ros/foxy /usr/bin/cmake --build /home/rosubuntu/ws_ros2/build/route_finder_launcher -- -j1 -l1
[1.812s] DEBUG:colcon.colcon_core.event_handler.log_command:Invoking command in '/home/rosubuntu/ws_ros2/build/route_finder_launcher': AMENT_PREFIX_PATH=/home/rosubuntu/ws_ros2/install/route_planner:/home/rosubuntu/ws_ros2/install/route_finder_launcher:/opt/ros/foxy CMAKE_PREFIX_PATH=${CMAKE_PREFIX_PATH}:/home/rosubuntu/ws_ros2/install/route_planner:/opt/ros/foxy /usr/bin/cmake --install /home/rosubuntu/ws_ros2/build/route_finder_launcher
[1.871s] Level 1:colcon.colcon_core.environment:create_environment_scripts_only(route_finder_launcher)
[1.872s] Level 1:colcon.colcon_core.environment:checking '/home/rosubuntu/ws_ros2/install/route_finder_launcher' for CMake module files
[1.874s] DEBUG:colcon.colcon_core.event_handler.log_command:Invoked command in '/home/rosubuntu/ws_ros2/build/route_finder_launcher' returned '0': AMENT_PREFIX_PATH=/home/rosubuntu/ws_ros2/install/route_planner:/home/rosubuntu/ws_ros2/install/route_finder_launcher:/opt/ros/foxy CMAKE_PREFIX_PATH=${CMAKE_PREFIX_PATH}:/home/rosubuntu/ws_ros2/install/route_planner:/opt/ros/foxy /usr/bin/cmake --install /home/rosubuntu/ws_ros2/build/route_finder_launcher
[1.875s] Level 1:colcon.colcon_core.environment:checking '/home/rosubuntu/ws_ros2/install/route_finder_launcher' for CMake config files
[1.879s] Level 1:colcon.colcon_core.shell:create_environment_hook('route_finder_launcher', 'cmake_prefix_path')
[1.880s] INFO:colcon.colcon_core.shell:Creating environment hook '/home/rosubuntu/ws_ros2/install/route_finder_launcher/share/route_finder_launcher/hook/cmake_prefix_path.ps1'
[1.885s] INFO:colcon.colcon_core.shell:Creating environment descriptor '/home/rosubuntu/ws_ros2/install/route_finder_launcher/share/route_finder_launcher/hook/cmake_prefix_path.dsv'
[1.892s] INFO:colcon.colcon_core.shell:Creating environment hook '/home/rosubuntu/ws_ros2/install/route_finder_launcher/share/route_finder_launcher/hook/cmake_prefix_path.sh'
[1.900s] Level 1:colcon.colcon_core.environment:checking '/home/rosubuntu/ws_ros2/install/route_finder_launcher/bin'
[1.901s] Level 1:colcon.colcon_core.environment:checking '/home/rosubuntu/ws_ros2/install/route_finder_launcher/lib/pkgconfig/route_finder_launcher.pc'
[1.901s] Level 1:colcon.colcon_core.environment:checking '/home/rosubuntu/ws_ros2/install/route_finder_launcher/lib/python3.8/site-packages'
[1.901s] INFO:colcon.colcon_core.shell:Creating package script '/home/rosubuntu/ws_ros2/install/route_finder_launcher/share/route_finder_launcher/package.ps1'
[1.905s] INFO:colcon.colcon_core.shell:Creating package descriptor '/home/rosubuntu/ws_ros2/install/route_finder_launcher/share/route_finder_launcher/package.dsv'
[1.909s] INFO:colcon.colcon_core.shell:Creating package script '/home/rosubuntu/ws_ros2/install/route_finder_launcher/share/route_finder_launcher/package.sh'
[1.912s] INFO:colcon.colcon_core.shell:Creating package script '/home/rosubuntu/ws_ros2/install/route_finder_launcher/share/route_finder_launcher/package.bash'
[1.920s] INFO:colcon.colcon_core.shell:Creating package script '/home/rosubuntu/ws_ros2/install/route_finder_launcher/share/route_finder_launcher/package.zsh'
[1.922s] Level 1:colcon.colcon_core.environment:create_file_with_runtime_dependencies(/home/rosubuntu/ws_ros2/install/route_finder_launcher/share/colcon-core/packages/route_finder_launcher)
[2.026s] Level 1:colcon.colcon_core.environment:create_environment_scripts_only(route_finder_launcher)
[2.027s] Level 1:colcon.colcon_core.environment:checking '/home/rosubuntu/ws_ros2/install/route_finder_launcher' for CMake module files
[2.028s] Level 1:colcon.colcon_core.environment:checking '/home/rosubuntu/ws_ros2/install/route_finder_launcher' for CMake config files
[2.029s] Level 1:colcon.colcon_core.shell:create_environment_hook('route_finder_launcher', 'cmake_prefix_path')
[2.029s] INFO:colcon.colcon_core.shell:Creating environment hook '/home/rosubuntu/ws_ros2/install/route_finder_launcher/share/route_finder_launcher/hook/cmake_prefix_path.ps1'
[2.060s] INFO:colcon.colcon_core.shell:Creating environment descriptor '/home/rosubuntu/ws_ros2/install/route_finder_launcher/share/route_finder_launcher/hook/cmake_prefix_path.dsv'
[2.065s] INFO:colcon.colcon_core.shell:Creating environment hook '/home/rosubuntu/ws_ros2/install/route_finder_launcher/share/route_finder_launcher/hook/cmake_prefix_path.sh'
[2.075s] Level 1:colcon.colcon_core.environment:checking '/home/rosubuntu/ws_ros2/install/route_finder_launcher/bin'
[2.075s] Level 1:colcon.colcon_core.environment:checking '/home/rosubuntu/ws_ros2/install/route_finder_launcher/lib/pkgconfig/route_finder_launcher.pc'
[2.076s] Level 1:colcon.colcon_core.environment:checking '/home/rosubuntu/ws_ros2/install/route_finder_launcher/lib/python3.8/site-packages'
[2.076s] INFO:colcon.colcon_core.shell:Creating package script '/home/rosubuntu/ws_ros2/install/route_finder_launcher/share/route_finder_launcher/package.ps1'
[2.085s] INFO:colcon.colcon_core.shell:Creating package descriptor '/home/rosubuntu/ws_ros2/install/route_finder_launcher/share/route_finder_launcher/package.dsv'
[2.090s] INFO:colcon.colcon_core.shell:Creating package script '/home/rosubuntu/ws_ros2/install/route_finder_launcher/share/route_finder_launcher/package.sh'
[2.105s] INFO:colcon.colcon_core.shell:Creating package script '/home/rosubuntu/ws_ros2/install/route_finder_launcher/share/route_finder_launcher/package.bash'
[2.107s] INFO:colcon.colcon_core.shell:Creating package script '/home/rosubuntu/ws_ros2/install/route_finder_launcher/share/route_finder_launcher/package.zsh'
[2.110s] Level 1:colcon.colcon_core.environment:create_file_with_runtime_dependencies(/home/rosubuntu/ws_ros2/install/route_finder_launcher/share/colcon-core/packages/route_finder_launcher)
[2.136s] DEBUG:colcon.colcon_parallel_executor.executor.parallel:closing loop
[2.138s] DEBUG:colcon.colcon_parallel_executor.executor.parallel:loop closed
[2.138s] DEBUG:colcon.colcon_parallel_executor.executor.parallel:run_until_complete finished with '0'
[2.138s] DEBUG:colcon.colcon_core.event_reactor:joining thread
[2.171s] INFO:colcon.colcon_core.plugin_system:Skipping extension 'colcon_notification.desktop_notification.terminal_notifier': Not used on non-Darwin systems
[2.171s] INFO:colcon.colcon_core.plugin_system:Skipping extension 'colcon_notification.desktop_notification.win32': Not used on non-Windows systems
[2.171s] INFO:colcon.colcon_notification.desktop_notification:Sending desktop notification using 'notify2'
[2.235s] DEBUG:colcon.colcon_core.event_reactor:joined thread
[2.236s] INFO:colcon.colcon_core.shell:Creating prefix script '/home/rosubuntu/ws_ros2/install/local_setup.ps1'
[2.250s] INFO:colcon.colcon_core.shell:Creating prefix util module '/home/rosubuntu/ws_ros2/install/_local_setup_util_ps1.py'
[2.258s] INFO:colcon.colcon_core.shell:Creating prefix chain script '/home/rosubuntu/ws_ros2/install/setup.ps1'
[2.281s] INFO:colcon.colcon_core.shell:Creating prefix script '/home/rosubuntu/ws_ros2/install/local_setup.sh'
[2.285s] INFO:colcon.colcon_core.shell:Creating prefix util module '/home/rosubuntu/ws_ros2/install/_local_setup_util_sh.py'
[2.288s] INFO:colcon.colcon_core.shell:Creating prefix chain script '/home/rosubuntu/ws_ros2/install/setup.sh'
[2.305s] INFO:colcon.colcon_core.shell:Creating prefix script '/home/rosubuntu/ws_ros2/install/local_setup.bash'
[2.310s] INFO:colcon.colcon_core.shell:Creating prefix chain script '/home/rosubuntu/ws_ros2/install/setup.bash'
[2.318s] INFO:colcon.colcon_core.shell:Creating prefix script '/home/rosubuntu/ws_ros2/install/local_setup.zsh'
[2.327s] INFO:colcon.colcon_core.shell:Creating prefix chain script '/home/rosubuntu/ws_ros2/install/setup.zsh'
