[0.486s] Invoking command in '/home/rosubuntu/ws_ros2/src/route_planner': PYTHONPATH=/home/rosubuntu/ws_ros2/install/route_planner/lib/python3.8/site-packages:${PYTHONPATH} /usr/bin/python3 setup.py egg_info --egg-base ../../build/route_planner build --build-base /home/rosubuntu/ws_ros2/build/route_planner/build install --prefix /home/rosubuntu/ws_ros2/install/route_planner --record /home/rosubuntu/ws_ros2/build/route_planner/install.log --single-version-externally-managed
[0.894s] running egg_info
[0.897s] writing ../../build/route_planner/route_planner.egg-info/PKG-INFO
[0.902s] writing dependency_links to ../../build/route_planner/route_planner.egg-info/dependency_links.txt
[0.906s] writing entry points to ../../build/route_planner/route_planner.egg-info/entry_points.txt
[0.909s] writing requirements to ../../build/route_planner/route_planner.egg-info/requires.txt
[0.911s] writing top-level names to ../../build/route_planner/route_planner.egg-info/top_level.txt
[1.001s] reading manifest file '../../build/route_planner/route_planner.egg-info/SOURCES.txt'
[1.005s] writing manifest file '../../build/route_planner/route_planner.egg-info/SOURCES.txt'
[1.008s] running build
[1.008s] running build_py
[1.010s] running install
[1.013s] running install_lib
[1.019s] running install_data
[1.022s] running install_egg_info
[1.029s] removing '/home/rosubuntu/ws_ros2/install/route_planner/lib/python3.8/site-packages/route_planner-0.0.0-py3.8.egg-info' (and everything under it)
[1.038s] Copying ../../build/route_planner/route_planner.egg-info to /home/rosubuntu/ws_ros2/install/route_planner/lib/python3.8/site-packages/route_planner-0.0.0-py3.8.egg-info
[1.044s] running install_scripts
[1.090s] Installing npc_with_quest = route_planner.terminal_pts_fetcher:mainpath_planner = route_planner.path_planner:mainuser script to /home/rosubuntu/ws_ros2/install/route_planner/lib/route_planner
[1.094s] writing list of installed files to '/home/rosubuntu/ws_ros2/build/route_planner/install.log'
[1.122s] Invoked command in '/home/rosubuntu/ws_ros2/src/route_planner' returned '0': PYTHONPATH=/home/rosubuntu/ws_ros2/install/route_planner/lib/python3.8/site-packages:${PYTHONPATH} /usr/bin/python3 setup.py egg_info --egg-base ../../build/route_planner build --build-base /home/rosubuntu/ws_ros2/build/route_planner/build install --prefix /home/rosubuntu/ws_ros2/install/route_planner --record /home/rosubuntu/ws_ros2/build/route_planner/install.log --single-version-externally-managed
