[0.097s] Invoking command in '/home/rosubuntu/ws_ros2/build/route_finder_launcher': AMENT_PREFIX_PATH=/home/rosubuntu/ws_ros2/install/route_planner:/home/rosubuntu/ws_ros2/install/route_finder_launcher:/opt/ros/foxy CMAKE_PREFIX_PATH=${CMAKE_PREFIX_PATH}:/home/rosubuntu/ws_ros2/install/route_planner:/opt/ros/foxy /usr/bin/cmake --build /home/rosubuntu/ws_ros2/build/route_finder_launcher -- -j1 -l1
[0.233s] Invoked command in '/home/rosubuntu/ws_ros2/build/route_finder_launcher' returned '0': AMENT_PREFIX_PATH=/home/rosubuntu/ws_ros2/install/route_planner:/home/rosubuntu/ws_ros2/install/route_finder_launcher:/opt/ros/foxy CMAKE_PREFIX_PATH=${CMAKE_PREFIX_PATH}:/home/rosubuntu/ws_ros2/install/route_planner:/opt/ros/foxy /usr/bin/cmake --build /home/rosubuntu/ws_ros2/build/route_finder_launcher -- -j1 -l1
[0.329s] Invoking command in '/home/rosubuntu/ws_ros2/build/route_finder_launcher': AMENT_PREFIX_PATH=/home/rosubuntu/ws_ros2/install/route_planner:/home/rosubuntu/ws_ros2/install/route_finder_launcher:/opt/ros/foxy CMAKE_PREFIX_PATH=${CMAKE_PREFIX_PATH}:/home/rosubuntu/ws_ros2/install/route_planner:/opt/ros/foxy /usr/bin/cmake --install /home/rosubuntu/ws_ros2/build/route_finder_launcher
[0.349s] -- Install configuration: ""
[0.350s] -- Up-to-date: /home/rosubuntu/ws_ros2/install/route_finder_launcher/share/route_finder_launcher/launch
[0.353s] -- Up-to-date: /home/rosubuntu/ws_ros2/install/route_finder_launcher/share/route_finder_launcher/launch/jb_assigned.launch.py
[0.353s] -- Up-to-date: /home/rosubuntu/ws_ros2/install/route_finder_launcher/share/ament_index/resource_index/package_run_dependencies/route_finder_launcher
[0.354s] -- Up-to-date: /home/rosubuntu/ws_ros2/install/route_finder_launcher/share/ament_index/resource_index/parent_prefix_path/route_finder_launcher
[0.354s] -- Up-to-date: /home/rosubuntu/ws_ros2/install/route_finder_launcher/share/route_finder_launcher/environment/ament_prefix_path.sh
[0.354s] -- Up-to-date: /home/rosubuntu/ws_ros2/install/route_finder_launcher/share/route_finder_launcher/environment/ament_prefix_path.dsv
[0.354s] -- Up-to-date: /home/rosubuntu/ws_ros2/install/route_finder_launcher/share/route_finder_launcher/environment/path.sh
[0.356s] -- Up-to-date: /home/rosubuntu/ws_ros2/install/route_finder_launcher/share/route_finder_launcher/environment/path.dsv
[0.356s] -- Up-to-date: /home/rosubuntu/ws_ros2/install/route_finder_launcher/share/route_finder_launcher/local_setup.bash
[0.356s] -- Up-to-date: /home/rosubuntu/ws_ros2/install/route_finder_launcher/share/route_finder_launcher/local_setup.sh
[0.357s] -- Up-to-date: /home/rosubuntu/ws_ros2/install/route_finder_launcher/share/route_finder_launcher/local_setup.zsh
[0.358s] -- Up-to-date: /home/rosubuntu/ws_ros2/install/route_finder_launcher/share/route_finder_launcher/local_setup.dsv
[0.358s] -- Installing: /home/rosubuntu/ws_ros2/install/route_finder_launcher/share/route_finder_launcher/package.dsv
[0.359s] -- Up-to-date: /home/rosubuntu/ws_ros2/install/route_finder_launcher/share/ament_index/resource_index/packages/route_finder_launcher
[0.360s] -- Up-to-date: /home/rosubuntu/ws_ros2/install/route_finder_launcher/share/route_finder_launcher/cmake/route_finder_launcherConfig.cmake
[0.360s] -- Up-to-date: /home/rosubuntu/ws_ros2/install/route_finder_launcher/share/route_finder_launcher/cmake/route_finder_launcherConfig-version.cmake
[0.361s] -- Up-to-date: /home/rosubuntu/ws_ros2/install/route_finder_launcher/share/route_finder_launcher/package.xml
[0.377s] Invoked command in '/home/rosubuntu/ws_ros2/build/route_finder_launcher' returned '0': AMENT_PREFIX_PATH=/home/rosubuntu/ws_ros2/install/route_planner:/home/rosubuntu/ws_ros2/install/route_finder_launcher:/opt/ros/foxy CMAKE_PREFIX_PATH=${CMAKE_PREFIX_PATH}:/home/rosubuntu/ws_ros2/install/route_planner:/opt/ros/foxy /usr/bin/cmake --install /home/rosubuntu/ws_ros2/build/route_finder_launcher
