[0.073s] Invoking command in '/home/rosubuntu/ws_ros2/build/route_finder_launcher': AMENT_PREFIX_PATH=/home/rosubuntu/ws_ros2/install/route_planner:/home/rosubuntu/ws_ros2/install/route_finder_launcher:/opt/ros/foxy CMAKE_PREFIX_PATH=${CMAKE_PREFIX_PATH}:/home/rosubuntu/ws_ros2/install/route_planner:/opt/ros/foxy /usr/bin/cmake --build /home/rosubuntu/ws_ros2/build/route_finder_launcher -- -j1 -l1
[0.234s] Invoked command in '/home/rosubuntu/ws_ros2/build/route_finder_launcher' returned '0': AMENT_PREFIX_PATH=/home/rosubuntu/ws_ros2/install/route_planner:/home/rosubuntu/ws_ros2/install/route_finder_launcher:/opt/ros/foxy CMAKE_PREFIX_PATH=${CMAKE_PREFIX_PATH}:/home/rosubuntu/ws_ros2/install/route_planner:/opt/ros/foxy /usr/bin/cmake --build /home/rosubuntu/ws_ros2/build/route_finder_launcher -- -j1 -l1
[0.316s] Invoking command in '/home/rosubuntu/ws_ros2/build/route_finder_launcher': AMENT_PREFIX_PATH=/home/rosubuntu/ws_ros2/install/route_planner:/home/rosubuntu/ws_ros2/install/route_finder_launcher:/opt/ros/foxy CMAKE_PREFIX_PATH=${CMAKE_PREFIX_PATH}:/home/rosubuntu/ws_ros2/install/route_planner:/opt/ros/foxy /usr/bin/cmake --install /home/rosubuntu/ws_ros2/build/route_finder_launcher
[0.337s] -- Install configuration: ""
[0.338s] -- Up-to-date: /home/rosubuntu/ws_ros2/install/route_finder_launcher/share/route_finder_launcher/launch
[0.340s] -- Up-to-date: /home/rosubuntu/ws_ros2/install/route_finder_launcher/share/route_finder_launcher/launch/jb_assigned.launch.py
[0.341s] -- Up-to-date: /home/rosubuntu/ws_ros2/install/route_finder_launcher/share/ament_index/resource_index/package_run_dependencies/route_finder_launcher
[0.342s] -- Up-to-date: /home/rosubuntu/ws_ros2/install/route_finder_launcher/share/ament_index/resource_index/parent_prefix_path/route_finder_launcher
[0.342s] -- Up-to-date: /home/rosubuntu/ws_ros2/install/route_finder_launcher/share/route_finder_launcher/environment/ament_prefix_path.sh
[0.343s] -- Up-to-date: /home/rosubuntu/ws_ros2/install/route_finder_launcher/share/route_finder_launcher/environment/ament_prefix_path.dsv
[0.343s] -- Up-to-date: /home/rosubuntu/ws_ros2/install/route_finder_launcher/share/route_finder_launcher/environment/path.sh
[0.345s] -- Up-to-date: /home/rosubuntu/ws_ros2/install/route_finder_launcher/share/route_finder_launcher/environment/path.dsv
[0.345s] -- Up-to-date: /home/rosubuntu/ws_ros2/install/route_finder_launcher/share/route_finder_launcher/local_setup.bash
[0.345s] -- Up-to-date: /home/rosubuntu/ws_ros2/install/route_finder_launcher/share/route_finder_launcher/local_setup.sh
[0.346s] -- Up-to-date: /home/rosubuntu/ws_ros2/install/route_finder_launcher/share/route_finder_launcher/local_setup.zsh
[0.348s] -- Up-to-date: /home/rosubuntu/ws_ros2/install/route_finder_launcher/share/route_finder_launcher/local_setup.dsv
[0.348s] -- Installing: /home/rosubuntu/ws_ros2/install/route_finder_launcher/share/route_finder_launcher/package.dsv
[0.348s] -- Up-to-date: /home/rosubuntu/ws_ros2/install/route_finder_launcher/share/ament_index/resource_index/packages/route_finder_launcher
[0.350s] -- Up-to-date: /home/rosubuntu/ws_ros2/install/route_finder_launcher/share/route_finder_launcher/cmake/route_finder_launcherConfig.cmake
[0.350s] -- Up-to-date: /home/rosubuntu/ws_ros2/install/route_finder_launcher/share/route_finder_launcher/cmake/route_finder_launcherConfig-version.cmake
[0.350s] -- Up-to-date: /home/rosubuntu/ws_ros2/install/route_finder_launcher/share/route_finder_launcher/package.xml
[0.361s] Invoked command in '/home/rosubuntu/ws_ros2/build/route_finder_launcher' returned '0': AMENT_PREFIX_PATH=/home/rosubuntu/ws_ros2/install/route_planner:/home/rosubuntu/ws_ros2/install/route_finder_launcher:/opt/ros/foxy CMAKE_PREFIX_PATH=${CMAKE_PREFIX_PATH}:/home/rosubuntu/ws_ros2/install/route_planner:/opt/ros/foxy /usr/bin/cmake --install /home/rosubuntu/ws_ros2/build/route_finder_launcher
