[0.389s] DEBUG:colcon:Command line arguments: ['/usr/bin/colcon', 'build']
[0.390s] DEBUG:colcon:Parsed command line arguments: Namespace(ament_cmake_args=None, base_paths=['.'], build_base='build', catkin_cmake_args=None, catkin_skip_building_tests=False, cmake_args=None, cmake_clean_cache=False, cmake_clean_first=False, cmake_force_configure=False, cmake_target=None, cmake_target_skip_unavailable=False, continue_on_error=False, event_handlers=None, executor='parallel', ignore_user_meta=False, install_base='install', log_base=None, log_level=None, main=<bound method BuildVerb.main of <colcon_core.verb.build.BuildVerb object at 0x7f065695a7f0>>, merge_install=False, metas=['./colcon.meta'], packages_above=None, packages_above_and_dependencies=None, packages_above_depth=None, packages_end=None, packages_ignore=None, packages_ignore_regex=None, packages_select=None, packages_select_build_failed=False, packages_select_by_dep=None, packages_select_regex=None, packages_select_test_failures=False, packages_skip=None, packages_skip_build_finished=False, packages_skip_by_dep=None, packages_skip_regex=None, packages_skip_test_passed=False, packages_skip_up_to=None, packages_start=None, packages_up_to=None, packages_up_to_regex=None, parallel_workers=1, paths=None, symlink_install=False, test_result_base=None, verb_extension=<colcon_core.verb.build.BuildVerb object at 0x7f065695a7f0>, verb_name='build', verb_parser=<colcon_defaults.argument_parser.defaults.DefaultArgumentsDecorator object at 0x7f06569684f0>)
[0.420s] Level 1:colcon.colcon_core.package_discovery:discover_packages(colcon_meta) check parameters
[0.420s] Level 1:colcon.colcon_core.package_discovery:discover_packages(recursive) check parameters
[0.420s] Level 1:colcon.colcon_core.package_discovery:discover_packages(ignore) check parameters
[0.420s] Level 1:colcon.colcon_core.package_discovery:discover_packages(path) check parameters
[0.420s] Level 1:colcon.colcon_core.package_discovery:discover_packages(colcon_meta) discover
[0.420s] Level 1:colcon.colcon_core.package_discovery:discover_packages(recursive) discover
[0.420s] INFO:colcon.colcon_core.package_discovery:Crawling recursively for packages in '/home/rosubuntu/ws_ros2'
[0.420s] Level 1:colcon.colcon_core.package_identification:_identify(.) by extensions ['ignore', 'ignore_ament_install']
[0.420s] Level 1:colcon.colcon_core.package_identification:_identify(.) by extension 'ignore'
[0.421s] Level 1:colcon.colcon_core.package_identification:_identify(.) by extension 'ignore_ament_install'
[0.421s] Level 1:colcon.colcon_core.package_identification:_identify(.) by extensions ['colcon_pkg']
[0.421s] Level 1:colcon.colcon_core.package_identification:_identify(.) by extension 'colcon_pkg'
[0.421s] Level 1:colcon.colcon_core.package_identification:_identify(.) by extensions ['colcon_meta']
[0.421s] Level 1:colcon.colcon_core.package_identification:_identify(.) by extension 'colcon_meta'
[0.421s] Level 1:colcon.colcon_core.package_identification:_identify(.) by extensions ['ros']
[0.421s] Level 1:colcon.colcon_core.package_identification:_identify(.) by extension 'ros'
[0.438s] Level 1:colcon.colcon_core.package_identification:_identify(.) by extensions ['cmake', 'python']
[0.439s] Level 1:colcon.colcon_core.package_identification:_identify(.) by extension 'cmake'
[0.439s] Level 1:colcon.colcon_core.package_identification:_identify(.) by extension 'python'
[0.440s] Level 1:colcon.colcon_core.package_identification:_identify(.) by extensions ['python_setup_py']
[0.441s] Level 1:colcon.colcon_core.package_identification:_identify(.) by extension 'python_setup_py'
[0.443s] Level 1:colcon.colcon_core.package_identification:_identify(build) by extensions ['ignore', 'ignore_ament_install']
[0.443s] Level 1:colcon.colcon_core.package_identification:_identify(build) by extension 'ignore'
[0.444s] Level 1:colcon.colcon_core.package_identification:_identify(build) ignored
[0.445s] Level 1:colcon.colcon_core.package_identification:_identify(install) by extensions ['ignore', 'ignore_ament_install']
[0.445s] Level 1:colcon.colcon_core.package_identification:_identify(install) by extension 'ignore'
[0.445s] Level 1:colcon.colcon_core.package_identification:_identify(install) ignored
[0.445s] Level 1:colcon.colcon_core.package_identification:_identify(log) by extensions ['ignore', 'ignore_ament_install']
[0.446s] Level 1:colcon.colcon_core.package_identification:_identify(log) by extension 'ignore'
[0.446s] Level 1:colcon.colcon_core.package_identification:_identify(log) ignored
[0.446s] Level 1:colcon.colcon_core.package_identification:_identify(src) by extensions ['ignore', 'ignore_ament_install']
[0.446s] Level 1:colcon.colcon_core.package_identification:_identify(src) by extension 'ignore'
[0.446s] Level 1:colcon.colcon_core.package_identification:_identify(src) by extension 'ignore_ament_install'
[0.446s] Level 1:colcon.colcon_core.package_identification:_identify(src) by extensions ['colcon_pkg']
[0.446s] Level 1:colcon.colcon_core.package_identification:_identify(src) by extension 'colcon_pkg'
[0.446s] Level 1:colcon.colcon_core.package_identification:_identify(src) by extensions ['colcon_meta']
[0.446s] Level 1:colcon.colcon_core.package_identification:_identify(src) by extension 'colcon_meta'
[0.446s] Level 1:colcon.colcon_core.package_identification:_identify(src) by extensions ['ros']
[0.446s] Level 1:colcon.colcon_core.package_identification:_identify(src) by extension 'ros'
[0.449s] Level 1:colcon.colcon_core.package_identification:_identify(src) by extensions ['cmake', 'python']
[0.450s] Level 1:colcon.colcon_core.package_identification:_identify(src) by extension 'cmake'
[0.450s] Level 1:colcon.colcon_core.package_identification:_identify(src) by extension 'python'
[0.451s] Level 1:colcon.colcon_core.package_identification:_identify(src) by extensions ['python_setup_py']
[0.451s] Level 1:colcon.colcon_core.package_identification:_identify(src) by extension 'python_setup_py'
[0.452s] Level 1:colcon.colcon_core.package_identification:_identify(src/route_finder_launcher) by extensions ['ignore', 'ignore_ament_install']
[0.452s] Level 1:colcon.colcon_core.package_identification:_identify(src/route_finder_launcher) by extension 'ignore'
[0.453s] Level 1:colcon.colcon_core.package_identification:_identify(src/route_finder_launcher) by extension 'ignore_ament_install'
[0.454s] Level 1:colcon.colcon_core.package_identification:_identify(src/route_finder_launcher) by extensions ['colcon_pkg']
[0.454s] Level 1:colcon.colcon_core.package_identification:_identify(src/route_finder_launcher) by extension 'colcon_pkg'
[0.454s] Level 1:colcon.colcon_core.package_identification:_identify(src/route_finder_launcher) by extensions ['colcon_meta']
[0.454s] Level 1:colcon.colcon_core.package_identification:_identify(src/route_finder_launcher) by extension 'colcon_meta'
[0.454s] Level 1:colcon.colcon_core.package_identification:_identify(src/route_finder_launcher) by extensions ['ros']
[0.454s] Level 1:colcon.colcon_core.package_identification:_identify(src/route_finder_launcher) by extension 'ros'
[0.463s] DEBUG:colcon.colcon_core.package_identification:Package 'src/route_finder_launcher' with type 'ros.ament_cmake' and name 'route_finder_launcher'
[0.464s] Level 1:colcon.colcon_core.package_identification:_identify(src/route_planner) by extensions ['ignore', 'ignore_ament_install']
[0.465s] Level 1:colcon.colcon_core.package_identification:_identify(src/route_planner) by extension 'ignore'
[0.465s] Level 1:colcon.colcon_core.package_identification:_identify(src/route_planner) by extension 'ignore_ament_install'
[0.466s] Level 1:colcon.colcon_core.package_identification:_identify(src/route_planner) by extensions ['colcon_pkg']
[0.466s] Level 1:colcon.colcon_core.package_identification:_identify(src/route_planner) by extension 'colcon_pkg'
[0.467s] Level 1:colcon.colcon_core.package_identification:_identify(src/route_planner) by extensions ['colcon_meta']
[0.467s] Level 1:colcon.colcon_core.package_identification:_identify(src/route_planner) by extension 'colcon_meta'
[0.468s] Level 1:colcon.colcon_core.package_identification:_identify(src/route_planner) by extensions ['ros']
[0.468s] Level 1:colcon.colcon_core.package_identification:_identify(src/route_planner) by extension 'ros'
[0.471s] DEBUG:colcon.colcon_core.package_identification:Package 'src/route_planner' with type 'ros.ament_python' and name 'route_planner'
[0.472s] Level 1:colcon.colcon_core.package_discovery:discover_packages(recursive) using defaults
[0.472s] Level 1:colcon.colcon_core.package_discovery:discover_packages(ignore) discover
[0.473s] Level 1:colcon.colcon_core.package_discovery:discover_packages(ignore) using defaults
[0.474s] Level 1:colcon.colcon_core.package_discovery:discover_packages(path) discover
[0.474s] Level 1:colcon.colcon_core.package_discovery:discover_packages(path) using defaults
[0.530s] Level 5:colcon.colcon_core.verb:set package 'route_finder_launcher' build argument 'cmake_args' from command line to 'None'
[0.533s] Level 5:colcon.colcon_core.verb:set package 'route_finder_launcher' build argument 'cmake_target' from command line to 'None'
[0.533s] Level 5:colcon.colcon_core.verb:set package 'route_finder_launcher' build argument 'cmake_target_skip_unavailable' from command line to 'False'
[0.536s] Level 5:colcon.colcon_core.verb:set package 'route_finder_launcher' build argument 'cmake_clean_cache' from command line to 'False'
[0.537s] Level 5:colcon.colcon_core.verb:set package 'route_finder_launcher' build argument 'cmake_clean_first' from command line to 'False'
[0.537s] Level 5:colcon.colcon_core.verb:set package 'route_finder_launcher' build argument 'cmake_force_configure' from command line to 'False'
[0.538s] Level 5:colcon.colcon_core.verb:set package 'route_finder_launcher' build argument 'ament_cmake_args' from command line to 'None'
[0.538s] Level 5:colcon.colcon_core.verb:set package 'route_finder_launcher' build argument 'catkin_cmake_args' from command line to 'None'
[0.538s] Level 5:colcon.colcon_core.verb:set package 'route_finder_launcher' build argument 'catkin_skip_building_tests' from command line to 'False'
[0.538s] DEBUG:colcon.colcon_core.verb:Building package 'route_finder_launcher' with the following arguments: {'ament_cmake_args': None, 'build_base': '/home/rosubuntu/ws_ros2/build/route_finder_launcher', 'catkin_cmake_args': None, 'catkin_skip_building_tests': False, 'cmake_args': None, 'cmake_clean_cache': False, 'cmake_clean_first': False, 'cmake_force_configure': False, 'cmake_target': None, 'cmake_target_skip_unavailable': False, 'install_base': '/home/rosubuntu/ws_ros2/install/route_finder_launcher', 'merge_install': False, 'path': '/home/rosubuntu/ws_ros2/src/route_finder_launcher', 'symlink_install': False, 'test_result_base': None}
[0.541s] Level 5:colcon.colcon_core.verb:set package 'route_planner' build argument 'cmake_args' from command line to 'None'
[0.541s] Level 5:colcon.colcon_core.verb:set package 'route_planner' build argument 'cmake_target' from command line to 'None'
[0.541s] Level 5:colcon.colcon_core.verb:set package 'route_planner' build argument 'cmake_target_skip_unavailable' from command line to 'False'
[0.541s] Level 5:colcon.colcon_core.verb:set package 'route_planner' build argument 'cmake_clean_cache' from command line to 'False'
[0.541s] Level 5:colcon.colcon_core.verb:set package 'route_planner' build argument 'cmake_clean_first' from command line to 'False'
[0.541s] Level 5:colcon.colcon_core.verb:set package 'route_planner' build argument 'cmake_force_configure' from command line to 'False'
[0.541s] Level 5:colcon.colcon_core.verb:set package 'route_planner' build argument 'ament_cmake_args' from command line to 'None'
[0.541s] Level 5:colcon.colcon_core.verb:set package 'route_planner' build argument 'catkin_cmake_args' from command line to 'None'
[0.541s] Level 5:colcon.colcon_core.verb:set package 'route_planner' build argument 'catkin_skip_building_tests' from command line to 'False'
[0.542s] DEBUG:colcon.colcon_core.verb:Building package 'route_planner' with the following arguments: {'ament_cmake_args': None, 'build_base': '/home/rosubuntu/ws_ros2/build/route_planner', 'catkin_cmake_args': None, 'catkin_skip_building_tests': False, 'cmake_args': None, 'cmake_clean_cache': False, 'cmake_clean_first': False, 'cmake_force_configure': False, 'cmake_target': None, 'cmake_target_skip_unavailable': False, 'install_base': '/home/rosubuntu/ws_ros2/install/route_planner', 'merge_install': False, 'path': '/home/rosubuntu/ws_ros2/src/route_planner', 'symlink_install': False, 'test_result_base': None}
[0.542s] INFO:colcon.colcon_core.executor:Executing jobs using 'parallel' executor
[0.548s] DEBUG:colcon.colcon_parallel_executor.executor.parallel:run_until_complete
[0.549s] INFO:colcon.colcon_ros.task.ament_cmake.build:Building ROS package in '/home/rosubuntu/ws_ros2/src/route_finder_launcher' with build type 'ament_cmake'
[0.550s] INFO:colcon.colcon_cmake.task.cmake.build:Building CMake package in '/home/rosubuntu/ws_ros2/src/route_finder_launcher'
[0.587s] INFO:colcon.colcon_core.plugin_system:Skipping extension 'colcon_core.shell.bat': Not used on non-Windows systems
[0.588s] INFO:colcon.colcon_core.shell:Skip shell extension 'powershell' for command environment: Not usable outside of PowerShell
[0.588s] DEBUG:colcon.colcon_core.shell:Skip shell extension 'dsv' for command environment
[0.607s] DEBUG:colcon.colcon_core.shell:Ignoring prefix path '/opt/ros/foxy'
[0.634s] DEBUG:colcon.colcon_core.event_handler.log_command:Invoking command in '/home/rosubuntu/ws_ros2/build/route_finder_launcher': CMAKE_PREFIX_PATH=/home/rosubuntu/ws_ros2/install/route_planner:/opt/ros/foxy /usr/bin/cmake /home/rosubuntu/ws_ros2/src/route_finder_launcher -DCMAKE_INSTALL_PREFIX=/home/rosubuntu/ws_ros2/install/route_finder_launcher
[4.065s] DEBUG:colcon.colcon_core.event_handler.log_command:Invoked command in '/home/rosubuntu/ws_ros2/build/route_finder_launcher' returned '0': CMAKE_PREFIX_PATH=/home/rosubuntu/ws_ros2/install/route_planner:/opt/ros/foxy /usr/bin/cmake /home/rosubuntu/ws_ros2/src/route_finder_launcher -DCMAKE_INSTALL_PREFIX=/home/rosubuntu/ws_ros2/install/route_finder_launcher
[4.066s] DEBUG:colcon.colcon_core.event_handler.log_command:Invoking command in '/home/rosubuntu/ws_ros2/build/route_finder_launcher': CMAKE_PREFIX_PATH=/home/rosubuntu/ws_ros2/install/route_planner:/opt/ros/foxy /usr/bin/cmake --build /home/rosubuntu/ws_ros2/build/route_finder_launcher -- -j1 -l1
[4.190s] DEBUG:colcon.colcon_core.event_handler.log_command:Invoked command in '/home/rosubuntu/ws_ros2/build/route_finder_launcher' returned '0': CMAKE_PREFIX_PATH=/home/rosubuntu/ws_ros2/install/route_planner:/opt/ros/foxy /usr/bin/cmake --build /home/rosubuntu/ws_ros2/build/route_finder_launcher -- -j1 -l1
[4.250s] DEBUG:colcon.colcon_core.event_handler.log_command:Invoking command in '/home/rosubuntu/ws_ros2/build/route_finder_launcher': CMAKE_PREFIX_PATH=/home/rosubuntu/ws_ros2/install/route_planner:/opt/ros/foxy /usr/bin/cmake --install /home/rosubuntu/ws_ros2/build/route_finder_launcher
[4.297s] Level 1:colcon.colcon_core.environment:create_environment_scripts_only(route_finder_launcher)
[4.301s] DEBUG:colcon.colcon_core.event_handler.log_command:Invoked command in '/home/rosubuntu/ws_ros2/build/route_finder_launcher' returned '0': CMAKE_PREFIX_PATH=/home/rosubuntu/ws_ros2/install/route_planner:/opt/ros/foxy /usr/bin/cmake --install /home/rosubuntu/ws_ros2/build/route_finder_launcher
[4.325s] Level 1:colcon.colcon_core.environment:checking '/home/rosubuntu/ws_ros2/install/route_finder_launcher' for CMake module files
[4.325s] Level 1:colcon.colcon_core.environment:checking '/home/rosubuntu/ws_ros2/install/route_finder_launcher' for CMake config files
[4.326s] Level 1:colcon.colcon_core.shell:create_environment_hook('route_finder_launcher', 'cmake_prefix_path')
[4.326s] INFO:colcon.colcon_core.shell:Creating environment hook '/home/rosubuntu/ws_ros2/install/route_finder_launcher/share/route_finder_launcher/hook/cmake_prefix_path.ps1'
[4.330s] INFO:colcon.colcon_core.shell:Creating environment descriptor '/home/rosubuntu/ws_ros2/install/route_finder_launcher/share/route_finder_launcher/hook/cmake_prefix_path.dsv'
[4.333s] INFO:colcon.colcon_core.shell:Creating environment hook '/home/rosubuntu/ws_ros2/install/route_finder_launcher/share/route_finder_launcher/hook/cmake_prefix_path.sh'
[4.335s] Level 1:colcon.colcon_core.environment:checking '/home/rosubuntu/ws_ros2/install/route_finder_launcher/bin'
[4.335s] Level 1:colcon.colcon_core.environment:checking '/home/rosubuntu/ws_ros2/install/route_finder_launcher/lib/pkgconfig/route_finder_launcher.pc'
[4.335s] Level 1:colcon.colcon_core.environment:checking '/home/rosubuntu/ws_ros2/install/route_finder_launcher/lib/python3.8/site-packages'
[4.336s] INFO:colcon.colcon_core.shell:Creating package script '/home/rosubuntu/ws_ros2/install/route_finder_launcher/share/route_finder_launcher/package.ps1'
[4.341s] INFO:colcon.colcon_core.shell:Creating package descriptor '/home/rosubuntu/ws_ros2/install/route_finder_launcher/share/route_finder_launcher/package.dsv'
[4.348s] INFO:colcon.colcon_core.shell:Creating package script '/home/rosubuntu/ws_ros2/install/route_finder_launcher/share/route_finder_launcher/package.sh'
[4.351s] INFO:colcon.colcon_core.shell:Creating package script '/home/rosubuntu/ws_ros2/install/route_finder_launcher/share/route_finder_launcher/package.bash'
[4.354s] INFO:colcon.colcon_core.shell:Creating package script '/home/rosubuntu/ws_ros2/install/route_finder_launcher/share/route_finder_launcher/package.zsh'
[4.356s] Level 1:colcon.colcon_core.environment:create_file_with_runtime_dependencies(/home/rosubuntu/ws_ros2/install/route_finder_launcher/share/colcon-core/packages/route_finder_launcher)
[4.410s] Level 1:colcon.colcon_core.environment:create_environment_scripts_only(route_finder_launcher)
[4.413s] Level 1:colcon.colcon_core.environment:checking '/home/rosubuntu/ws_ros2/install/route_finder_launcher' for CMake module files
[4.414s] Level 1:colcon.colcon_core.environment:checking '/home/rosubuntu/ws_ros2/install/route_finder_launcher' for CMake config files
[4.415s] Level 1:colcon.colcon_core.shell:create_environment_hook('route_finder_launcher', 'cmake_prefix_path')
[4.416s] INFO:colcon.colcon_core.shell:Creating environment hook '/home/rosubuntu/ws_ros2/install/route_finder_launcher/share/route_finder_launcher/hook/cmake_prefix_path.ps1'
[4.421s] INFO:colcon.colcon_core.shell:Creating environment descriptor '/home/rosubuntu/ws_ros2/install/route_finder_launcher/share/route_finder_launcher/hook/cmake_prefix_path.dsv'
[4.424s] INFO:colcon.colcon_core.shell:Creating environment hook '/home/rosubuntu/ws_ros2/install/route_finder_launcher/share/route_finder_launcher/hook/cmake_prefix_path.sh'
[4.427s] Level 1:colcon.colcon_core.environment:checking '/home/rosubuntu/ws_ros2/install/route_finder_launcher/bin'
[4.428s] Level 1:colcon.colcon_core.environment:checking '/home/rosubuntu/ws_ros2/install/route_finder_launcher/lib/pkgconfig/route_finder_launcher.pc'
[4.429s] Level 1:colcon.colcon_core.environment:checking '/home/rosubuntu/ws_ros2/install/route_finder_launcher/lib/python3.8/site-packages'
[4.430s] INFO:colcon.colcon_core.shell:Creating package script '/home/rosubuntu/ws_ros2/install/route_finder_launcher/share/route_finder_launcher/package.ps1'
[4.434s] INFO:colcon.colcon_core.shell:Creating package descriptor '/home/rosubuntu/ws_ros2/install/route_finder_launcher/share/route_finder_launcher/package.dsv'
[4.438s] INFO:colcon.colcon_core.shell:Creating package script '/home/rosubuntu/ws_ros2/install/route_finder_launcher/share/route_finder_launcher/package.sh'
[4.442s] INFO:colcon.colcon_core.shell:Creating package script '/home/rosubuntu/ws_ros2/install/route_finder_launcher/share/route_finder_launcher/package.bash'
[4.446s] INFO:colcon.colcon_core.shell:Creating package script '/home/rosubuntu/ws_ros2/install/route_finder_launcher/share/route_finder_launcher/package.zsh'
[4.449s] Level 1:colcon.colcon_core.environment:create_file_with_runtime_dependencies(/home/rosubuntu/ws_ros2/install/route_finder_launcher/share/colcon-core/packages/route_finder_launcher)
[4.450s] INFO:colcon.colcon_ros.task.ament_python.build:Building ROS package in '/home/rosubuntu/ws_ros2/src/route_planner' with build type 'ament_python'
[4.452s] Level 1:colcon.colcon_core.shell:create_environment_hook('route_planner', 'ament_prefix_path')
[4.453s] INFO:colcon.colcon_core.shell:Creating environment hook '/home/rosubuntu/ws_ros2/install/route_planner/share/route_planner/hook/ament_prefix_path.ps1'
[4.482s] INFO:colcon.colcon_core.shell:Creating environment descriptor '/home/rosubuntu/ws_ros2/install/route_planner/share/route_planner/hook/ament_prefix_path.dsv'
[4.486s] INFO:colcon.colcon_core.shell:Creating environment hook '/home/rosubuntu/ws_ros2/install/route_planner/share/route_planner/hook/ament_prefix_path.sh'
[4.493s] INFO:colcon.colcon_core.shell:Skip shell extension 'powershell' for command environment: Not usable outside of PowerShell
[4.493s] DEBUG:colcon.colcon_core.shell:Skip shell extension 'dsv' for command environment
[4.495s] DEBUG:colcon.colcon_core.shell:Ignoring prefix path '/opt/ros/foxy'
[4.882s] INFO:colcon.colcon_core.task.python.build:Building Python package in '/home/rosubuntu/ws_ros2/src/route_planner'
[4.884s] INFO:colcon.colcon_core.shell:Skip shell extension 'powershell' for command environment: Not usable outside of PowerShell
[4.885s] DEBUG:colcon.colcon_core.shell:Skip shell extension 'dsv' for command environment
[4.887s] DEBUG:colcon.colcon_core.shell:Ignoring prefix path '/opt/ros/foxy'
[4.906s] DEBUG:colcon.colcon_core.event_handler.log_command:Invoking command in '/home/rosubuntu/ws_ros2/src/route_planner': PYTHONPATH=/home/rosubuntu/ws_ros2/install/route_planner/lib/python3.8/site-packages:${PYTHONPATH} /usr/bin/python3 setup.py egg_info --egg-base ../../build/route_planner build --build-base /home/rosubuntu/ws_ros2/build/route_planner/build install --prefix /home/rosubuntu/ws_ros2/install/route_planner --record /home/rosubuntu/ws_ros2/build/route_planner/install.log --single-version-externally-managed
[5.676s] Level 1:colcon.colcon_core.environment:checking '/home/rosubuntu/ws_ros2/install/route_planner' for CMake module files
[5.681s] DEBUG:colcon.colcon_core.event_handler.log_command:Invoked command in '/home/rosubuntu/ws_ros2/src/route_planner' returned '0': PYTHONPATH=/home/rosubuntu/ws_ros2/install/route_planner/lib/python3.8/site-packages:${PYTHONPATH} /usr/bin/python3 setup.py egg_info --egg-base ../../build/route_planner build --build-base /home/rosubuntu/ws_ros2/build/route_planner/build install --prefix /home/rosubuntu/ws_ros2/install/route_planner --record /home/rosubuntu/ws_ros2/build/route_planner/install.log --single-version-externally-managed
[5.681s] Level 1:colcon.colcon_core.environment:checking '/home/rosubuntu/ws_ros2/install/route_planner' for CMake config files
[5.682s] Level 1:colcon.colcon_core.environment:checking '/home/rosubuntu/ws_ros2/install/route_planner/lib'
[5.682s] Level 1:colcon.colcon_core.environment:checking '/home/rosubuntu/ws_ros2/install/route_planner/bin'
[5.683s] Level 1:colcon.colcon_core.environment:checking '/home/rosubuntu/ws_ros2/install/route_planner/lib/pkgconfig/route_planner.pc'
[5.683s] Level 1:colcon.colcon_core.environment:checking '/home/rosubuntu/ws_ros2/install/route_planner/lib/python3.8/site-packages'
[5.683s] Level 1:colcon.colcon_core.shell:create_environment_hook('route_planner', 'pythonpath')
[5.683s] INFO:colcon.colcon_core.shell:Creating environment hook '/home/rosubuntu/ws_ros2/install/route_planner/share/route_planner/hook/pythonpath.ps1'
[5.688s] INFO:colcon.colcon_core.shell:Creating environment descriptor '/home/rosubuntu/ws_ros2/install/route_planner/share/route_planner/hook/pythonpath.dsv'
[5.690s] INFO:colcon.colcon_core.shell:Creating environment hook '/home/rosubuntu/ws_ros2/install/route_planner/share/route_planner/hook/pythonpath.sh'
[5.693s] Level 1:colcon.colcon_core.environment:create_environment_scripts_only(route_planner)
[5.694s] INFO:colcon.colcon_core.shell:Creating package script '/home/rosubuntu/ws_ros2/install/route_planner/share/route_planner/package.ps1'
[5.698s] INFO:colcon.colcon_core.shell:Creating package descriptor '/home/rosubuntu/ws_ros2/install/route_planner/share/route_planner/package.dsv'
[5.701s] INFO:colcon.colcon_core.shell:Creating package script '/home/rosubuntu/ws_ros2/install/route_planner/share/route_planner/package.sh'
[5.705s] INFO:colcon.colcon_core.shell:Creating package script '/home/rosubuntu/ws_ros2/install/route_planner/share/route_planner/package.bash'
[5.708s] INFO:colcon.colcon_core.shell:Creating package script '/home/rosubuntu/ws_ros2/install/route_planner/share/route_planner/package.zsh'
[5.711s] Level 1:colcon.colcon_core.environment:create_file_with_runtime_dependencies(/home/rosubuntu/ws_ros2/install/route_planner/share/colcon-core/packages/route_planner)
[5.718s] DEBUG:colcon.colcon_parallel_executor.executor.parallel:closing loop
[5.719s] DEBUG:colcon.colcon_parallel_executor.executor.parallel:loop closed
[5.719s] DEBUG:colcon.colcon_parallel_executor.executor.parallel:run_until_complete finished with '0'
[5.719s] DEBUG:colcon.colcon_core.event_reactor:joining thread
[5.739s] INFO:colcon.colcon_core.plugin_system:Skipping extension 'colcon_notification.desktop_notification.terminal_notifier': Not used on non-Darwin systems
[5.740s] INFO:colcon.colcon_core.plugin_system:Skipping extension 'colcon_notification.desktop_notification.win32': Not used on non-Windows systems
[5.740s] INFO:colcon.colcon_notification.desktop_notification:Sending desktop notification using 'notify2'
[5.788s] DEBUG:colcon.colcon_core.event_reactor:joined thread
[5.788s] INFO:colcon.colcon_core.shell:Creating prefix script '/home/rosubuntu/ws_ros2/install/local_setup.ps1'
[5.801s] INFO:colcon.colcon_core.shell:Creating prefix util module '/home/rosubuntu/ws_ros2/install/_local_setup_util_ps1.py'
[5.812s] INFO:colcon.colcon_core.shell:Creating prefix chain script '/home/rosubuntu/ws_ros2/install/setup.ps1'
[5.831s] INFO:colcon.colcon_core.shell:Creating prefix script '/home/rosubuntu/ws_ros2/install/local_setup.sh'
[5.836s] INFO:colcon.colcon_core.shell:Creating prefix util module '/home/rosubuntu/ws_ros2/install/_local_setup_util_sh.py'
[5.853s] INFO:colcon.colcon_core.shell:Creating prefix chain script '/home/rosubuntu/ws_ros2/install/setup.sh'
[5.865s] INFO:colcon.colcon_core.shell:Creating prefix script '/home/rosubuntu/ws_ros2/install/local_setup.bash'
[5.871s] INFO:colcon.colcon_core.shell:Creating prefix chain script '/home/rosubuntu/ws_ros2/install/setup.bash'
[5.891s] INFO:colcon.colcon_core.shell:Creating prefix script '/home/rosubuntu/ws_ros2/install/local_setup.zsh'
[5.896s] INFO:colcon.colcon_core.shell:Creating prefix chain script '/home/rosubuntu/ws_ros2/install/setup.zsh'
