running egg_info
creating ../../build/route_planner/route_planner.egg-info
writing ../../build/route_planner/route_planner.egg-info/PKG-INFO
writing dependency_links to ../../build/route_planner/route_planner.egg-info/dependency_links.txt
writing entry points to ../../build/route_planner/route_planner.egg-info/entry_points.txt
writing requirements to ../../build/route_planner/route_planner.egg-info/requires.txt
writing top-level names to ../../build/route_planner/route_planner.egg-info/top_level.txt
writing manifest file '../../build/route_planner/route_planner.egg-info/SOURCES.txt'
reading manifest file '../../build/route_planner/route_planner.egg-info/SOURCES.txt'
writing manifest file '../../build/route_planner/route_planner.egg-info/SOURCES.txt'
running build
running build_py
creating /home/rosubuntu/ws_ros2/build/route_planner/build
creating /home/rosubuntu/ws_ros2/build/route_planner/build/lib
creating /home/rosubuntu/ws_ros2/build/route_planner/build/lib/route_planner
copying route_planner/__init__.py -> /home/rosubuntu/ws_ros2/build/route_planner/build/lib/route_planner
running install
running install_lib
creating /home/rosubuntu/ws_ros2/install/route_planner/lib/python3.8/site-packages/route_planner
copying /home/rosubuntu/ws_ros2/build/route_planner/build/lib/route_planner/__init__.py -> /home/rosubuntu/ws_ros2/install/route_planner/lib/python3.8/site-packages/route_planner
byte-compiling /home/rosubuntu/ws_ros2/install/route_planner/lib/python3.8/site-packages/route_planner/__init__.py to __init__.cpython-38.pyc
running install_data
creating /home/rosubuntu/ws_ros2/install/route_planner/share/ament_index
creating /home/rosubuntu/ws_ros2/install/route_planner/share/ament_index/resource_index
creating /home/rosubuntu/ws_ros2/install/route_planner/share/ament_index/resource_index/packages
copying resource/route_planner -> /home/rosubuntu/ws_ros2/install/route_planner/share/ament_index/resource_index/packages
copying package.xml -> /home/rosubuntu/ws_ros2/install/route_planner/share/route_planner
running install_egg_info
Copying ../../build/route_planner/route_planner.egg-info to /home/rosubuntu/ws_ros2/install/route_planner/lib/python3.8/site-packages/route_planner-0.0.0-py3.8.egg-info
running install_scripts
writing list of installed files to '/home/rosubuntu/ws_ros2/build/route_planner/install.log'
