[0.366s] Invoking command in '/home/rosubuntu/ws_ros2/src/route_planner': PYTHONPATH=/home/rosubuntu/ws_ros2/install/route_planner/lib/python3.8/site-packages:${PYTHONPATH} /usr/bin/python3 setup.py egg_info --egg-base ../../build/route_planner build --build-base /home/rosubuntu/ws_ros2/build/route_planner/build install --prefix /home/rosubuntu/ws_ros2/install/route_planner --record /home/rosubuntu/ws_ros2/build/route_planner/install.log --single-version-externally-managed
[0.659s] running egg_info
[0.660s] creating ../../build/route_planner/route_planner.egg-info
[0.661s] writing ../../build/route_planner/route_planner.egg-info/PKG-INFO
[0.661s] writing dependency_links to ../../build/route_planner/route_planner.egg-info/dependency_links.txt
[0.662s] writing entry points to ../../build/route_planner/route_planner.egg-info/entry_points.txt
[0.662s] writing requirements to ../../build/route_planner/route_planner.egg-info/requires.txt
[0.663s] writing top-level names to ../../build/route_planner/route_planner.egg-info/top_level.txt
[0.666s] writing manifest file '../../build/route_planner/route_planner.egg-info/SOURCES.txt'
[0.712s] reading manifest file '../../build/route_planner/route_planner.egg-info/SOURCES.txt'
[0.713s] writing manifest file '../../build/route_planner/route_planner.egg-info/SOURCES.txt'
[0.715s] running build
[0.715s] running build_py
[0.716s] creating /home/rosubuntu/ws_ros2/build/route_planner/build
[0.716s] creating /home/rosubuntu/ws_ros2/build/route_planner/build/lib
[0.716s] creating /home/rosubuntu/ws_ros2/build/route_planner/build/lib/route_planner
[0.716s] copying route_planner/__init__.py -> /home/rosubuntu/ws_ros2/build/route_planner/build/lib/route_planner
[0.717s] running install
[0.718s] running install_lib
[0.719s] creating /home/rosubuntu/ws_ros2/install/route_planner/lib/python3.8/site-packages/route_planner
[0.720s] copying /home/rosubuntu/ws_ros2/build/route_planner/build/lib/route_planner/__init__.py -> /home/rosubuntu/ws_ros2/install/route_planner/lib/python3.8/site-packages/route_planner
[0.720s] byte-compiling /home/rosubuntu/ws_ros2/install/route_planner/lib/python3.8/site-packages/route_planner/__init__.py to __init__.cpython-38.pyc
[0.722s] running install_data
[0.722s] creating /home/rosubuntu/ws_ros2/install/route_planner/share/ament_index
[0.723s] creating /home/rosubuntu/ws_ros2/install/route_planner/share/ament_index/resource_index
[0.723s] creating /home/rosubuntu/ws_ros2/install/route_planner/share/ament_index/resource_index/packages
[0.723s] copying resource/route_planner -> /home/rosubuntu/ws_ros2/install/route_planner/share/ament_index/resource_index/packages
[0.723s] copying package.xml -> /home/rosubuntu/ws_ros2/install/route_planner/share/route_planner
[0.724s] running install_egg_info
[0.726s] Copying ../../build/route_planner/route_planner.egg-info to /home/rosubuntu/ws_ros2/install/route_planner/lib/python3.8/site-packages/route_planner-0.0.0-py3.8.egg-info
[0.729s] running install_scripts
[0.754s] writing list of installed files to '/home/rosubuntu/ws_ros2/build/route_planner/install.log'
[0.783s] Invoked command in '/home/rosubuntu/ws_ros2/src/route_planner' returned '0': PYTHONPATH=/home/rosubuntu/ws_ros2/install/route_planner/lib/python3.8/site-packages:${PYTHONPATH} /usr/bin/python3 setup.py egg_info --egg-base ../../build/route_planner build --build-base /home/rosubuntu/ws_ros2/build/route_planner/build install --prefix /home/rosubuntu/ws_ros2/install/route_planner --record /home/rosubuntu/ws_ros2/build/route_planner/install.log --single-version-externally-managed
