[0.411s] Invoking command in '/home/rosubuntu/ws_ros2/src/route_planner': PYTHONPATH=/home/rosubuntu/ws_ros2/install/route_planner/lib/python3.8/site-packages:${PYTHONPATH} /usr/bin/python3 setup.py egg_info --egg-base ../../build/route_planner build --build-base /home/rosubuntu/ws_ros2/build/route_planner/build install --prefix /home/rosubuntu/ws_ros2/install/route_planner --record /home/rosubuntu/ws_ros2/build/route_planner/install.log --single-version-externally-managed
[0.712s] running egg_info
[0.720s] writing ../../build/route_planner/route_planner.egg-info/PKG-INFO
[0.724s] writing dependency_links to ../../build/route_planner/route_planner.egg-info/dependency_links.txt
[0.728s] writing entry points to ../../build/route_planner/route_planner.egg-info/entry_points.txt
[0.731s] writing requirements to ../../build/route_planner/route_planner.egg-info/requires.txt
[0.734s] writing top-level names to ../../build/route_planner/route_planner.egg-info/top_level.txt
[0.780s] reading manifest file '../../build/route_planner/route_planner.egg-info/SOURCES.txt'
[0.783s] writing manifest file '../../build/route_planner/route_planner.egg-info/SOURCES.txt'
[0.792s] running build
[0.793s] running build_py
[0.795s] copying route_planner/user.py -> /home/rosubuntu/ws_ros2/build/route_planner/build/lib/route_planner
[0.797s] running install
[0.804s] running install_lib
[0.807s] copying /home/rosubuntu/ws_ros2/build/route_planner/build/lib/route_planner/user.py -> /home/rosubuntu/ws_ros2/install/route_planner/lib/python3.8/site-packages/route_planner
[0.812s] byte-compiling /home/rosubuntu/ws_ros2/install/route_planner/lib/python3.8/site-packages/route_planner/user.py to user.cpython-38.pyc
[0.822s] running install_data
[0.825s] running install_egg_info
[0.828s] removing '/home/rosubuntu/ws_ros2/install/route_planner/lib/python3.8/site-packages/route_planner-0.0.0-py3.8.egg-info' (and everything under it)
[0.835s] Copying ../../build/route_planner/route_planner.egg-info to /home/rosubuntu/ws_ros2/install/route_planner/lib/python3.8/site-packages/route_planner-0.0.0-py3.8.egg-info
[0.839s] running install_scripts
[0.866s] Installing npc_with_quest script to /home/rosubuntu/ws_ros2/install/route_planner/lib/route_planner
[0.873s] Installing path_planner script to /home/rosubuntu/ws_ros2/install/route_planner/lib/route_planner
[0.880s] Installing user script to /home/rosubuntu/ws_ros2/install/route_planner/lib/route_planner
[0.887s] writing list of installed files to '/home/rosubuntu/ws_ros2/build/route_planner/install.log'
[0.919s] Invoked command in '/home/rosubuntu/ws_ros2/src/route_planner' returned '0': PYTHONPATH=/home/rosubuntu/ws_ros2/install/route_planner/lib/python3.8/site-packages:${PYTHONPATH} /usr/bin/python3 setup.py egg_info --egg-base ../../build/route_planner build --build-base /home/rosubuntu/ws_ros2/build/route_planner/build install --prefix /home/rosubuntu/ws_ros2/install/route_planner --record /home/rosubuntu/ws_ros2/build/route_planner/install.log --single-version-externally-managed
