[0.441s] Invoking command in '/home/rosubuntu/ws_ros2/src/route_planner': PYTHONPATH=/home/rosubuntu/ws_ros2/install/route_planner/lib/python3.8/site-packages:${PYTHONPATH} /usr/bin/python3 setup.py egg_info --egg-base ../../build/route_planner build --build-base /home/rosubuntu/ws_ros2/build/route_planner/build install --prefix /home/rosubuntu/ws_ros2/install/route_planner --record /home/rosubuntu/ws_ros2/build/route_planner/install.log --single-version-externally-managed
[0.765s] running egg_info
[0.770s] writing ../../build/route_planner/route_planner.egg-info/PKG-INFO
[0.774s] writing dependency_links to ../../build/route_planner/route_planner.egg-info/dependency_links.txt
[0.784s] writing entry points to ../../build/route_planner/route_planner.egg-info/entry_points.txt
[0.787s] writing requirements to ../../build/route_planner/route_planner.egg-info/requires.txt
[0.789s] writing top-level names to ../../build/route_planner/route_planner.egg-info/top_level.txt
[0.836s] reading manifest file '../../build/route_planner/route_planner.egg-info/SOURCES.txt'
[0.839s] writing manifest file '../../build/route_planner/route_planner.egg-info/SOURCES.txt'
[0.847s] running build
[0.848s] running build_py
[0.850s] copying route_planner/terminal_pts_fetcher.py -> /home/rosubuntu/ws_ros2/build/route_planner/build/lib/route_planner
[0.852s] running install
[0.855s] running install_lib
[0.858s] copying /home/rosubuntu/ws_ros2/build/route_planner/build/lib/route_planner/terminal_pts_fetcher.py -> /home/rosubuntu/ws_ros2/install/route_planner/lib/python3.8/site-packages/route_planner
[0.860s] byte-compiling /home/rosubuntu/ws_ros2/install/route_planner/lib/python3.8/site-packages/route_planner/terminal_pts_fetcher.py to terminal_pts_fetcher.cpython-38.pyc
[0.866s] running install_data
[0.869s] running install_egg_info
[0.872s] removing '/home/rosubuntu/ws_ros2/install/route_planner/lib/python3.8/site-packages/route_planner-0.0.0-py3.8.egg-info' (and everything under it)
[0.875s] Copying ../../build/route_planner/route_planner.egg-info to /home/rosubuntu/ws_ros2/install/route_planner/lib/python3.8/site-packages/route_planner-0.0.0-py3.8.egg-info
[0.888s] running install_scripts
[0.913s] Installing npc_with_quest script to /home/rosubuntu/ws_ros2/install/route_planner/lib/route_planner
[0.917s] Installing path_planner script to /home/rosubuntu/ws_ros2/install/route_planner/lib/route_planner
[0.921s] Installing user script to /home/rosubuntu/ws_ros2/install/route_planner/lib/route_planner
[0.925s] writing list of installed files to '/home/rosubuntu/ws_ros2/build/route_planner/install.log'
[0.959s] Invoked command in '/home/rosubuntu/ws_ros2/src/route_planner' returned '0': PYTHONPATH=/home/rosubuntu/ws_ros2/install/route_planner/lib/python3.8/site-packages:${PYTHONPATH} /usr/bin/python3 setup.py egg_info --egg-base ../../build/route_planner build --build-base /home/rosubuntu/ws_ros2/build/route_planner/build install --prefix /home/rosubuntu/ws_ros2/install/route_planner --record /home/rosubuntu/ws_ros2/build/route_planner/install.log --single-version-externally-managed
