[0.198s] DEBUG:colcon:Command line arguments: ['/usr/bin/colcon', 'build']
[0.199s] DEBUG:colcon:Parsed command line arguments: Namespace(ament_cmake_args=None, base_paths=['.'], build_base='build', catkin_cmake_args=None, catkin_skip_building_tests=False, cmake_args=None, cmake_clean_cache=False, cmake_clean_first=False, cmake_force_configure=False, cmake_target=None, cmake_target_skip_unavailable=False, continue_on_error=False, event_handlers=None, executor='parallel', ignore_user_meta=False, install_base='install', log_base=None, log_level=None, main=<bound method BuildVerb.main of <colcon_core.verb.build.BuildVerb object at 0x7facf88d70a0>>, merge_install=False, metas=['./colcon.meta'], packages_above=None, packages_above_and_dependencies=None, packages_above_depth=None, packages_end=None, packages_ignore=None, packages_ignore_regex=None, packages_select=None, packages_select_build_failed=False, packages_select_by_dep=None, packages_select_regex=None, packages_select_test_failures=False, packages_skip=None, packages_skip_build_finished=False, packages_skip_by_dep=None, packages_skip_regex=None, packages_skip_test_passed=False, packages_skip_up_to=None, packages_start=None, packages_up_to=None, packages_up_to_regex=None, parallel_workers=1, paths=None, symlink_install=False, test_result_base=None, verb_extension=<colcon_core.verb.build.BuildVerb object at 0x7facf88d70a0>, verb_name='build', verb_parser=<colcon_defaults.argument_parser.defaults.DefaultArgumentsDecorator object at 0x7facf88d7550>)
[0.204s] Level 1:colcon.colcon_core.package_discovery:discover_packages(colcon_meta) check parameters
[0.204s] Level 1:colcon.colcon_core.package_discovery:discover_packages(recursive) check parameters
[0.204s] Level 1:colcon.colcon_core.package_discovery:discover_packages(ignore) check parameters
[0.204s] Level 1:colcon.colcon_core.package_discovery:discover_packages(path) check parameters
[0.204s] Level 1:colcon.colcon_core.package_discovery:discover_packages(colcon_meta) discover
[0.204s] Level 1:colcon.colcon_core.package_discovery:discover_packages(recursive) discover
[0.204s] INFO:colcon.colcon_core.package_discovery:Crawling recursively for packages in '/home/rosubuntu/ws_ros2'
[0.205s] Level 1:colcon.colcon_core.package_identification:_identify(.) by extensions ['ignore', 'ignore_ament_install']
[0.205s] Level 1:colcon.colcon_core.package_identification:_identify(.) by extension 'ignore'
[0.205s] Level 1:colcon.colcon_core.package_identification:_identify(.) by extension 'ignore_ament_install'
[0.205s] Level 1:colcon.colcon_core.package_identification:_identify(.) by extensions ['colcon_pkg']
[0.205s] Level 1:colcon.colcon_core.package_identification:_identify(.) by extension 'colcon_pkg'
[0.205s] Level 1:colcon.colcon_core.package_identification:_identify(.) by extensions ['colcon_meta']
[0.205s] Level 1:colcon.colcon_core.package_identification:_identify(.) by extension 'colcon_meta'
[0.205s] Level 1:colcon.colcon_core.package_identification:_identify(.) by extensions ['ros']
[0.205s] Level 1:colcon.colcon_core.package_identification:_identify(.) by extension 'ros'
[0.235s] Level 1:colcon.colcon_core.package_identification:_identify(.) by extensions ['cmake', 'python']
[0.236s] Level 1:colcon.colcon_core.package_identification:_identify(.) by extension 'cmake'
[0.236s] Level 1:colcon.colcon_core.package_identification:_identify(.) by extension 'python'
[0.237s] Level 1:colcon.colcon_core.package_identification:_identify(.) by extensions ['python_setup_py']
[0.237s] Level 1:colcon.colcon_core.package_identification:_identify(.) by extension 'python_setup_py'
[0.238s] Level 1:colcon.colcon_core.package_identification:_identify(build) by extensions ['ignore', 'ignore_ament_install']
[0.238s] Level 1:colcon.colcon_core.package_identification:_identify(build) by extension 'ignore'
[0.238s] Level 1:colcon.colcon_core.package_identification:_identify(build) ignored
[0.239s] Level 1:colcon.colcon_core.package_identification:_identify(install) by extensions ['ignore', 'ignore_ament_install']
[0.239s] Level 1:colcon.colcon_core.package_identification:_identify(install) by extension 'ignore'
[0.240s] Level 1:colcon.colcon_core.package_identification:_identify(install) ignored
[0.240s] Level 1:colcon.colcon_core.package_identification:_identify(log) by extensions ['ignore', 'ignore_ament_install']
[0.241s] Level 1:colcon.colcon_core.package_identification:_identify(log) by extension 'ignore'
[0.241s] Level 1:colcon.colcon_core.package_identification:_identify(log) ignored
[0.241s] Level 1:colcon.colcon_core.package_identification:_identify(src) by extensions ['ignore', 'ignore_ament_install']
[0.241s] Level 1:colcon.colcon_core.package_identification:_identify(src) by extension 'ignore'
[0.241s] Level 1:colcon.colcon_core.package_identification:_identify(src) by extension 'ignore_ament_install'
[0.241s] Level 1:colcon.colcon_core.package_identification:_identify(src) by extensions ['colcon_pkg']
[0.241s] Level 1:colcon.colcon_core.package_identification:_identify(src) by extension 'colcon_pkg'
[0.241s] Level 1:colcon.colcon_core.package_identification:_identify(src) by extensions ['colcon_meta']
[0.241s] Level 1:colcon.colcon_core.package_identification:_identify(src) by extension 'colcon_meta'
[0.241s] Level 1:colcon.colcon_core.package_identification:_identify(src) by extensions ['ros']
[0.241s] Level 1:colcon.colcon_core.package_identification:_identify(src) by extension 'ros'
[0.241s] Level 1:colcon.colcon_core.package_identification:_identify(src) by extensions ['cmake', 'python']
[0.241s] Level 1:colcon.colcon_core.package_identification:_identify(src) by extension 'cmake'
[0.241s] Level 1:colcon.colcon_core.package_identification:_identify(src) by extension 'python'
[0.242s] Level 1:colcon.colcon_core.package_identification:_identify(src) by extensions ['python_setup_py']
[0.242s] Level 1:colcon.colcon_core.package_identification:_identify(src) by extension 'python_setup_py'
[0.242s] Level 1:colcon.colcon_core.package_identification:_identify(src/route_finder_launcher) by extensions ['ignore', 'ignore_ament_install']
[0.242s] Level 1:colcon.colcon_core.package_identification:_identify(src/route_finder_launcher) by extension 'ignore'
[0.242s] Level 1:colcon.colcon_core.package_identification:_identify(src/route_finder_launcher) by extension 'ignore_ament_install'
[0.242s] Level 1:colcon.colcon_core.package_identification:_identify(src/route_finder_launcher) by extensions ['colcon_pkg']
[0.242s] Level 1:colcon.colcon_core.package_identification:_identify(src/route_finder_launcher) by extension 'colcon_pkg'
[0.242s] Level 1:colcon.colcon_core.package_identification:_identify(src/route_finder_launcher) by extensions ['colcon_meta']
[0.242s] Level 1:colcon.colcon_core.package_identification:_identify(src/route_finder_launcher) by extension 'colcon_meta'
[0.242s] Level 1:colcon.colcon_core.package_identification:_identify(src/route_finder_launcher) by extensions ['ros']
[0.242s] Level 1:colcon.colcon_core.package_identification:_identify(src/route_finder_launcher) by extension 'ros'
[0.247s] DEBUG:colcon.colcon_core.package_identification:Package 'src/route_finder_launcher' with type 'ros.ament_cmake' and name 'route_finder_launcher'
[0.248s] Level 1:colcon.colcon_core.package_identification:_identify(src/route_planner) by extensions ['ignore', 'ignore_ament_install']
[0.249s] Level 1:colcon.colcon_core.package_identification:_identify(src/route_planner) by extension 'ignore'
[0.249s] Level 1:colcon.colcon_core.package_identification:_identify(src/route_planner) by extension 'ignore_ament_install'
[0.249s] Level 1:colcon.colcon_core.package_identification:_identify(src/route_planner) by extensions ['colcon_pkg']
[0.250s] Level 1:colcon.colcon_core.package_identification:_identify(src/route_planner) by extension 'colcon_pkg'
[0.250s] Level 1:colcon.colcon_core.package_identification:_identify(src/route_planner) by extensions ['colcon_meta']
[0.250s] Level 1:colcon.colcon_core.package_identification:_identify(src/route_planner) by extension 'colcon_meta'
[0.251s] Level 1:colcon.colcon_core.package_identification:_identify(src/route_planner) by extensions ['ros']
[0.251s] Level 1:colcon.colcon_core.package_identification:_identify(src/route_planner) by extension 'ros'
[0.253s] DEBUG:colcon.colcon_core.package_identification:Package 'src/route_planner' with type 'ros.ament_python' and name 'route_planner'
[0.253s] Level 1:colcon.colcon_core.package_discovery:discover_packages(recursive) using defaults
[0.253s] Level 1:colcon.colcon_core.package_discovery:discover_packages(ignore) discover
[0.253s] Level 1:colcon.colcon_core.package_discovery:discover_packages(ignore) using defaults
[0.253s] Level 1:colcon.colcon_core.package_discovery:discover_packages(path) discover
[0.253s] Level 1:colcon.colcon_core.package_discovery:discover_packages(path) using defaults
[0.298s] Level 5:colcon.colcon_core.verb:set package 'route_finder_launcher' build argument 'cmake_args' from command line to 'None'
[0.298s] Level 5:colcon.colcon_core.verb:set package 'route_finder_launcher' build argument 'cmake_target' from command line to 'None'
[0.299s] Level 5:colcon.colcon_core.verb:set package 'route_finder_launcher' build argument 'cmake_target_skip_unavailable' from command line to 'False'
[0.299s] Level 5:colcon.colcon_core.verb:set package 'route_finder_launcher' build argument 'cmake_clean_cache' from command line to 'False'
[0.299s] Level 5:colcon.colcon_core.verb:set package 'route_finder_launcher' build argument 'cmake_clean_first' from command line to 'False'
[0.301s] Level 5:colcon.colcon_core.verb:set package 'route_finder_launcher' build argument 'cmake_force_configure' from command line to 'False'
[0.301s] Level 5:colcon.colcon_core.verb:set package 'route_finder_launcher' build argument 'ament_cmake_args' from command line to 'None'
[0.301s] Level 5:colcon.colcon_core.verb:set package 'route_finder_launcher' build argument 'catkin_cmake_args' from command line to 'None'
[0.302s] Level 5:colcon.colcon_core.verb:set package 'route_finder_launcher' build argument 'catkin_skip_building_tests' from command line to 'False'
[0.302s] DEBUG:colcon.colcon_core.verb:Building package 'route_finder_launcher' with the following arguments: {'ament_cmake_args': None, 'build_base': '/home/rosubuntu/ws_ros2/build/route_finder_launcher', 'catkin_cmake_args': None, 'catkin_skip_building_tests': False, 'cmake_args': None, 'cmake_clean_cache': False, 'cmake_clean_first': False, 'cmake_force_configure': False, 'cmake_target': None, 'cmake_target_skip_unavailable': False, 'install_base': '/home/rosubuntu/ws_ros2/install/route_finder_launcher', 'merge_install': False, 'path': '/home/rosubuntu/ws_ros2/src/route_finder_launcher', 'symlink_install': False, 'test_result_base': None}
[0.308s] Level 5:colcon.colcon_core.verb:set package 'route_planner' build argument 'cmake_args' from command line to 'None'
[0.308s] Level 5:colcon.colcon_core.verb:set package 'route_planner' build argument 'cmake_target' from command line to 'None'
[0.308s] Level 5:colcon.colcon_core.verb:set package 'route_planner' build argument 'cmake_target_skip_unavailable' from command line to 'False'
[0.308s] Level 5:colcon.colcon_core.verb:set package 'route_planner' build argument 'cmake_clean_cache' from command line to 'False'
[0.308s] Level 5:colcon.colcon_core.verb:set package 'route_planner' build argument 'cmake_clean_first' from command line to 'False'
[0.308s] Level 5:colcon.colcon_core.verb:set package 'route_planner' build argument 'cmake_force_configure' from command line to 'False'
[0.308s] Level 5:colcon.colcon_core.verb:set package 'route_planner' build argument 'ament_cmake_args' from command line to 'None'
[0.308s] Level 5:colcon.colcon_core.verb:set package 'route_planner' build argument 'catkin_cmake_args' from command line to 'None'
[0.308s] Level 5:colcon.colcon_core.verb:set package 'route_planner' build argument 'catkin_skip_building_tests' from command line to 'False'
[0.308s] DEBUG:colcon.colcon_core.verb:Building package 'route_planner' with the following arguments: {'ament_cmake_args': None, 'build_base': '/home/rosubuntu/ws_ros2/build/route_planner', 'catkin_cmake_args': None, 'catkin_skip_building_tests': False, 'cmake_args': None, 'cmake_clean_cache': False, 'cmake_clean_first': False, 'cmake_force_configure': False, 'cmake_target': None, 'cmake_target_skip_unavailable': False, 'install_base': '/home/rosubuntu/ws_ros2/install/route_planner', 'merge_install': False, 'path': '/home/rosubuntu/ws_ros2/src/route_planner', 'symlink_install': False, 'test_result_base': None}
[0.309s] INFO:colcon.colcon_core.executor:Executing jobs using 'parallel' executor
[0.311s] DEBUG:colcon.colcon_parallel_executor.executor.parallel:run_until_complete
[0.312s] INFO:colcon.colcon_ros.task.ament_cmake.build:Building ROS package in '/home/rosubuntu/ws_ros2/src/route_finder_launcher' with build type 'ament_cmake'
[0.313s] INFO:colcon.colcon_cmake.task.cmake.build:Building CMake package in '/home/rosubuntu/ws_ros2/src/route_finder_launcher'
[0.322s] INFO:colcon.colcon_core.plugin_system:Skipping extension 'colcon_core.shell.bat': Not used on non-Windows systems
[0.323s] INFO:colcon.colcon_core.shell:Skip shell extension 'powershell' for command environment: Not usable outside of PowerShell
[0.323s] DEBUG:colcon.colcon_core.shell:Skip shell extension 'dsv' for command environment
[0.327s] DEBUG:colcon.colcon_core.shell:Ignoring prefix path '/opt/ros/foxy'
[0.370s] DEBUG:colcon.colcon_core.event_handler.log_command:Invoking command in '/home/rosubuntu/ws_ros2/build/route_finder_launcher': CMAKE_PREFIX_PATH=${CMAKE_PREFIX_PATH}:/home/rosubuntu/ws_ros2/install/route_planner:/opt/ros/foxy /usr/bin/cmake --build /home/rosubuntu/ws_ros2/build/route_finder_launcher -- -j1 -l1
[0.487s] DEBUG:colcon.colcon_core.event_handler.log_command:Invoked command in '/home/rosubuntu/ws_ros2/build/route_finder_launcher' returned '0': CMAKE_PREFIX_PATH=${CMAKE_PREFIX_PATH}:/home/rosubuntu/ws_ros2/install/route_planner:/opt/ros/foxy /usr/bin/cmake --build /home/rosubuntu/ws_ros2/build/route_finder_launcher -- -j1 -l1
[0.544s] DEBUG:colcon.colcon_core.event_handler.log_command:Invoking command in '/home/rosubuntu/ws_ros2/build/route_finder_launcher': CMAKE_PREFIX_PATH=${CMAKE_PREFIX_PATH}:/home/rosubuntu/ws_ros2/install/route_planner:/opt/ros/foxy /usr/bin/cmake --install /home/rosubuntu/ws_ros2/build/route_finder_launcher
[0.581s] Level 1:colcon.colcon_core.environment:create_environment_scripts_only(route_finder_launcher)
[0.587s] DEBUG:colcon.colcon_core.event_handler.log_command:Invoked command in '/home/rosubuntu/ws_ros2/build/route_finder_launcher' returned '0': CMAKE_PREFIX_PATH=${CMAKE_PREFIX_PATH}:/home/rosubuntu/ws_ros2/install/route_planner:/opt/ros/foxy /usr/bin/cmake --install /home/rosubuntu/ws_ros2/build/route_finder_launcher
[0.589s] Level 1:colcon.colcon_core.environment:checking '/home/rosubuntu/ws_ros2/install/route_finder_launcher' for CMake module files
[0.590s] Level 1:colcon.colcon_core.environment:checking '/home/rosubuntu/ws_ros2/install/route_finder_launcher' for CMake config files
[0.590s] Level 1:colcon.colcon_core.shell:create_environment_hook('route_finder_launcher', 'cmake_prefix_path')
[0.591s] INFO:colcon.colcon_core.shell:Creating environment hook '/home/rosubuntu/ws_ros2/install/route_finder_launcher/share/route_finder_launcher/hook/cmake_prefix_path.ps1'
[0.598s] INFO:colcon.colcon_core.shell:Creating environment descriptor '/home/rosubuntu/ws_ros2/install/route_finder_launcher/share/route_finder_launcher/hook/cmake_prefix_path.dsv'
[0.601s] INFO:colcon.colcon_core.shell:Creating environment hook '/home/rosubuntu/ws_ros2/install/route_finder_launcher/share/route_finder_launcher/hook/cmake_prefix_path.sh'
[0.604s] Level 1:colcon.colcon_core.environment:checking '/home/rosubuntu/ws_ros2/install/route_finder_launcher/bin'
[0.604s] Level 1:colcon.colcon_core.environment:checking '/home/rosubuntu/ws_ros2/install/route_finder_launcher/lib/pkgconfig/route_finder_launcher.pc'
[0.605s] Level 1:colcon.colcon_core.environment:checking '/home/rosubuntu/ws_ros2/install/route_finder_launcher/lib/python3.8/site-packages'
[0.606s] INFO:colcon.colcon_core.shell:Creating package script '/home/rosubuntu/ws_ros2/install/route_finder_launcher/share/route_finder_launcher/package.ps1'
[0.610s] INFO:colcon.colcon_core.shell:Creating package descriptor '/home/rosubuntu/ws_ros2/install/route_finder_launcher/share/route_finder_launcher/package.dsv'
[0.615s] INFO:colcon.colcon_core.shell:Creating package script '/home/rosubuntu/ws_ros2/install/route_finder_launcher/share/route_finder_launcher/package.sh'
[0.626s] INFO:colcon.colcon_core.shell:Creating package script '/home/rosubuntu/ws_ros2/install/route_finder_launcher/share/route_finder_launcher/package.bash'
[0.628s] INFO:colcon.colcon_core.shell:Creating package script '/home/rosubuntu/ws_ros2/install/route_finder_launcher/share/route_finder_launcher/package.zsh'
[0.631s] Level 1:colcon.colcon_core.environment:create_file_with_runtime_dependencies(/home/rosubuntu/ws_ros2/install/route_finder_launcher/share/colcon-core/packages/route_finder_launcher)
[0.680s] Level 1:colcon.colcon_core.environment:create_environment_scripts_only(route_finder_launcher)
[0.683s] Level 1:colcon.colcon_core.environment:checking '/home/rosubuntu/ws_ros2/install/route_finder_launcher' for CMake module files
[0.684s] Level 1:colcon.colcon_core.environment:checking '/home/rosubuntu/ws_ros2/install/route_finder_launcher' for CMake config files
[0.685s] Level 1:colcon.colcon_core.shell:create_environment_hook('route_finder_launcher', 'cmake_prefix_path')
[0.686s] INFO:colcon.colcon_core.shell:Creating environment hook '/home/rosubuntu/ws_ros2/install/route_finder_launcher/share/route_finder_launcher/hook/cmake_prefix_path.ps1'
[0.689s] INFO:colcon.colcon_core.shell:Creating environment descriptor '/home/rosubuntu/ws_ros2/install/route_finder_launcher/share/route_finder_launcher/hook/cmake_prefix_path.dsv'
[0.693s] INFO:colcon.colcon_core.shell:Creating environment hook '/home/rosubuntu/ws_ros2/install/route_finder_launcher/share/route_finder_launcher/hook/cmake_prefix_path.sh'
[0.698s] Level 1:colcon.colcon_core.environment:checking '/home/rosubuntu/ws_ros2/install/route_finder_launcher/bin'
[0.699s] Level 1:colcon.colcon_core.environment:checking '/home/rosubuntu/ws_ros2/install/route_finder_launcher/lib/pkgconfig/route_finder_launcher.pc'
[0.699s] Level 1:colcon.colcon_core.environment:checking '/home/rosubuntu/ws_ros2/install/route_finder_launcher/lib/python3.8/site-packages'
[0.701s] INFO:colcon.colcon_core.shell:Creating package script '/home/rosubuntu/ws_ros2/install/route_finder_launcher/share/route_finder_launcher/package.ps1'
[0.705s] INFO:colcon.colcon_core.shell:Creating package descriptor '/home/rosubuntu/ws_ros2/install/route_finder_launcher/share/route_finder_launcher/package.dsv'
[0.710s] INFO:colcon.colcon_core.shell:Creating package script '/home/rosubuntu/ws_ros2/install/route_finder_launcher/share/route_finder_launcher/package.sh'
[0.715s] INFO:colcon.colcon_core.shell:Creating package script '/home/rosubuntu/ws_ros2/install/route_finder_launcher/share/route_finder_launcher/package.bash'
[0.720s] INFO:colcon.colcon_core.shell:Creating package script '/home/rosubuntu/ws_ros2/install/route_finder_launcher/share/route_finder_launcher/package.zsh'
[0.724s] Level 1:colcon.colcon_core.environment:create_file_with_runtime_dependencies(/home/rosubuntu/ws_ros2/install/route_finder_launcher/share/colcon-core/packages/route_finder_launcher)
[0.729s] INFO:colcon.colcon_ros.task.ament_python.build:Building ROS package in '/home/rosubuntu/ws_ros2/src/route_planner' with build type 'ament_python'
[0.729s] Level 1:colcon.colcon_core.shell:create_environment_hook('route_planner', 'ament_prefix_path')
[0.730s] INFO:colcon.colcon_core.shell:Creating environment hook '/home/rosubuntu/ws_ros2/install/route_planner/share/route_planner/hook/ament_prefix_path.ps1'
[0.747s] INFO:colcon.colcon_core.shell:Creating environment descriptor '/home/rosubuntu/ws_ros2/install/route_planner/share/route_planner/hook/ament_prefix_path.dsv'
[0.757s] INFO:colcon.colcon_core.shell:Creating environment hook '/home/rosubuntu/ws_ros2/install/route_planner/share/route_planner/hook/ament_prefix_path.sh'
[0.762s] INFO:colcon.colcon_core.shell:Skip shell extension 'powershell' for command environment: Not usable outside of PowerShell
[0.763s] DEBUG:colcon.colcon_core.shell:Skip shell extension 'dsv' for command environment
[0.765s] DEBUG:colcon.colcon_core.shell:Ignoring prefix path '/opt/ros/foxy'
[1.192s] INFO:colcon.colcon_core.task.python.build:Building Python package in '/home/rosubuntu/ws_ros2/src/route_planner'
[1.194s] INFO:colcon.colcon_core.shell:Skip shell extension 'powershell' for command environment: Not usable outside of PowerShell
[1.195s] DEBUG:colcon.colcon_core.shell:Skip shell extension 'dsv' for command environment
[1.198s] DEBUG:colcon.colcon_core.shell:Ignoring prefix path '/opt/ros/foxy'
[1.215s] DEBUG:colcon.colcon_core.event_handler.log_command:Invoking command in '/home/rosubuntu/ws_ros2/src/route_planner': PYTHONPATH=/home/rosubuntu/ws_ros2/install/route_planner/lib/python3.8/site-packages:${PYTHONPATH} /usr/bin/python3 setup.py egg_info --egg-base ../../build/route_planner build --build-base /home/rosubuntu/ws_ros2/build/route_planner/build install --prefix /home/rosubuntu/ws_ros2/install/route_planner --record /home/rosubuntu/ws_ros2/build/route_planner/install.log --single-version-externally-managed
[1.849s] Level 1:colcon.colcon_core.environment:checking '/home/rosubuntu/ws_ros2/install/route_planner' for CMake module files
[1.852s] DEBUG:colcon.colcon_core.event_handler.log_command:Invoked command in '/home/rosubuntu/ws_ros2/src/route_planner' returned '0': PYTHONPATH=/home/rosubuntu/ws_ros2/install/route_planner/lib/python3.8/site-packages:${PYTHONPATH} /usr/bin/python3 setup.py egg_info --egg-base ../../build/route_planner build --build-base /home/rosubuntu/ws_ros2/build/route_planner/build install --prefix /home/rosubuntu/ws_ros2/install/route_planner --record /home/rosubuntu/ws_ros2/build/route_planner/install.log --single-version-externally-managed
[1.853s] Level 1:colcon.colcon_core.environment:checking '/home/rosubuntu/ws_ros2/install/route_planner' for CMake config files
[1.854s] Level 1:colcon.colcon_core.environment:checking '/home/rosubuntu/ws_ros2/install/route_planner/lib'
[1.855s] Level 1:colcon.colcon_core.environment:checking '/home/rosubuntu/ws_ros2/install/route_planner/bin'
[1.855s] Level 1:colcon.colcon_core.environment:checking '/home/rosubuntu/ws_ros2/install/route_planner/lib/pkgconfig/route_planner.pc'
[1.856s] Level 1:colcon.colcon_core.environment:checking '/home/rosubuntu/ws_ros2/install/route_planner/lib/python3.8/site-packages'
[1.857s] Level 1:colcon.colcon_core.shell:create_environment_hook('route_planner', 'pythonpath')
[1.857s] INFO:colcon.colcon_core.shell:Creating environment hook '/home/rosubuntu/ws_ros2/install/route_planner/share/route_planner/hook/pythonpath.ps1'
[1.863s] INFO:colcon.colcon_core.shell:Creating environment descriptor '/home/rosubuntu/ws_ros2/install/route_planner/share/route_planner/hook/pythonpath.dsv'
[1.866s] INFO:colcon.colcon_core.shell:Creating environment hook '/home/rosubuntu/ws_ros2/install/route_planner/share/route_planner/hook/pythonpath.sh'
[1.870s] Level 1:colcon.colcon_core.environment:create_environment_scripts_only(route_planner)
[1.871s] INFO:colcon.colcon_core.shell:Creating package script '/home/rosubuntu/ws_ros2/install/route_planner/share/route_planner/package.ps1'
[1.875s] INFO:colcon.colcon_core.shell:Creating package descriptor '/home/rosubuntu/ws_ros2/install/route_planner/share/route_planner/package.dsv'
[1.878s] INFO:colcon.colcon_core.shell:Creating package script '/home/rosubuntu/ws_ros2/install/route_planner/share/route_planner/package.sh'
[1.882s] INFO:colcon.colcon_core.shell:Creating package script '/home/rosubuntu/ws_ros2/install/route_planner/share/route_planner/package.bash'
[1.885s] INFO:colcon.colcon_core.shell:Creating package script '/home/rosubuntu/ws_ros2/install/route_planner/share/route_planner/package.zsh'
[1.888s] Level 1:colcon.colcon_core.environment:create_file_with_runtime_dependencies(/home/rosubuntu/ws_ros2/install/route_planner/share/colcon-core/packages/route_planner)
[1.894s] DEBUG:colcon.colcon_parallel_executor.executor.parallel:closing loop
[1.894s] DEBUG:colcon.colcon_parallel_executor.executor.parallel:loop closed
[1.895s] DEBUG:colcon.colcon_parallel_executor.executor.parallel:run_until_complete finished with '0'
[1.896s] DEBUG:colcon.colcon_core.event_reactor:joining thread
[1.902s] INFO:colcon.colcon_core.plugin_system:Skipping extension 'colcon_notification.desktop_notification.terminal_notifier': Not used on non-Darwin systems
[1.903s] INFO:colcon.colcon_core.plugin_system:Skipping extension 'colcon_notification.desktop_notification.win32': Not used on non-Windows systems
[1.904s] INFO:colcon.colcon_notification.desktop_notification:Sending desktop notification using 'notify2'
[1.925s] DEBUG:colcon.colcon_core.event_reactor:joined thread
[1.926s] INFO:colcon.colcon_core.shell:Creating prefix script '/home/rosubuntu/ws_ros2/install/local_setup.ps1'
[1.944s] INFO:colcon.colcon_core.shell:Creating prefix util module '/home/rosubuntu/ws_ros2/install/_local_setup_util_ps1.py'
[1.960s] INFO:colcon.colcon_core.shell:Creating prefix chain script '/home/rosubuntu/ws_ros2/install/setup.ps1'
[1.965s] INFO:colcon.colcon_core.shell:Creating prefix script '/home/rosubuntu/ws_ros2/install/local_setup.sh'
[1.969s] INFO:colcon.colcon_core.shell:Creating prefix util module '/home/rosubuntu/ws_ros2/install/_local_setup_util_sh.py'
[1.972s] INFO:colcon.colcon_core.shell:Creating prefix chain script '/home/rosubuntu/ws_ros2/install/setup.sh'
[1.980s] INFO:colcon.colcon_core.shell:Creating prefix script '/home/rosubuntu/ws_ros2/install/local_setup.bash'
[1.984s] INFO:colcon.colcon_core.shell:Creating prefix chain script '/home/rosubuntu/ws_ros2/install/setup.bash'
[1.993s] INFO:colcon.colcon_core.shell:Creating prefix script '/home/rosubuntu/ws_ros2/install/local_setup.zsh'
[1.996s] INFO:colcon.colcon_core.shell:Creating prefix chain script '/home/rosubuntu/ws_ros2/install/setup.zsh'
