[0.396s] Invoking command in '/home/rosubuntu/ws_ros2/src/route_planner': PYTHONPATH=/home/rosubuntu/ws_ros2/install/route_planner/lib/python3.8/site-packages:${PYTHONPATH} /usr/bin/python3 setup.py egg_info --egg-base ../../build/route_planner build --build-base /home/rosubuntu/ws_ros2/build/route_planner/build install --prefix /home/rosubuntu/ws_ros2/install/route_planner --record /home/rosubuntu/ws_ros2/build/route_planner/install.log --single-version-externally-managed
[0.678s] running egg_info
[0.681s] writing ../../build/route_planner/route_planner.egg-info/PKG-INFO
[0.692s] writing dependency_links to ../../build/route_planner/route_planner.egg-info/dependency_links.txt
[0.698s] writing entry points to ../../build/route_planner/route_planner.egg-info/entry_points.txt
[0.702s] writing requirements to ../../build/route_planner/route_planner.egg-info/requires.txt
[0.703s] writing top-level names to ../../build/route_planner/route_planner.egg-info/top_level.txt
[0.751s] reading manifest file '../../build/route_planner/route_planner.egg-info/SOURCES.txt'
[0.754s] writing manifest file '../../build/route_planner/route_planner.egg-info/SOURCES.txt'
[0.760s] running build
[0.762s] running build_py
[0.763s] copying route_planner/user.py -> /home/rosubuntu/ws_ros2/build/route_planner/build/lib/route_planner
[0.766s] running install
[0.769s] running install_lib
[0.772s] copying /home/rosubuntu/ws_ros2/build/route_planner/build/lib/route_planner/user.py -> /home/rosubuntu/ws_ros2/install/route_planner/lib/python3.8/site-packages/route_planner
[0.774s] byte-compiling /home/rosubuntu/ws_ros2/install/route_planner/lib/python3.8/site-packages/route_planner/user.py to user.cpython-38.pyc
[0.795s] running install_data
[0.797s] running install_egg_info
[0.801s] removing '/home/rosubuntu/ws_ros2/install/route_planner/lib/python3.8/site-packages/route_planner-0.0.0-py3.8.egg-info' (and everything under it)
[0.804s] Copying ../../build/route_planner/route_planner.egg-info to /home/rosubuntu/ws_ros2/install/route_planner/lib/python3.8/site-packages/route_planner-0.0.0-py3.8.egg-info
[0.807s] running install_scripts
[0.833s] Installing npc_with_quest script to /home/rosubuntu/ws_ros2/install/route_planner/lib/route_planner
[0.840s] Installing path_planner script to /home/rosubuntu/ws_ros2/install/route_planner/lib/route_planner
[0.844s] Installing user script to /home/rosubuntu/ws_ros2/install/route_planner/lib/route_planner
[0.847s] writing list of installed files to '/home/rosubuntu/ws_ros2/build/route_planner/install.log'
[0.880s] Invoked command in '/home/rosubuntu/ws_ros2/src/route_planner' returned '0': PYTHONPATH=/home/rosubuntu/ws_ros2/install/route_planner/lib/python3.8/site-packages:${PYTHONPATH} /usr/bin/python3 setup.py egg_info --egg-base ../../build/route_planner build --build-base /home/rosubuntu/ws_ros2/build/route_planner/build install --prefix /home/rosubuntu/ws_ros2/install/route_planner --record /home/rosubuntu/ws_ros2/build/route_planner/install.log --single-version-externally-managed
