/home/rosubuntu/ws_ros2/install/route_planner/lib/python3.8/site-packages/route_planner/__init__.py
/home/rosubuntu/ws_ros2/install/route_planner/lib/python3.8/site-packages/route_planner/euler_from_q.py
/home/rosubuntu/ws_ros2/install/route_planner/lib/python3.8/site-packages/route_planner/path_planner.py
/home/rosubuntu/ws_ros2/install/route_planner/lib/python3.8/site-packages/route_planner/user.py
/home/rosubuntu/ws_ros2/install/route_planner/lib/python3.8/site-packages/route_planner/terminal_pts_fetcher.py
/home/rosubuntu/ws_ros2/install/route_planner/lib/python3.8/site-packages/route_planner/robot_state.py
/home/rosubuntu/ws_ros2/install/route_planner/lib/python3.8/site-packages/route_planner/__pycache__/__init__.cpython-38.pyc
/home/rosubuntu/ws_ros2/install/route_planner/lib/python3.8/site-packages/route_planner/__pycache__/euler_from_q.cpython-38.pyc
/home/rosubuntu/ws_ros2/install/route_planner/lib/python3.8/site-packages/route_planner/__pycache__/path_planner.cpython-38.pyc
/home/rosubuntu/ws_ros2/install/route_planner/lib/python3.8/site-packages/route_planner/__pycache__/user.cpython-38.pyc
/home/rosubuntu/ws_ros2/install/route_planner/lib/python3.8/site-packages/route_planner/__pycache__/terminal_pts_fetcher.cpython-38.pyc
/home/rosubuntu/ws_ros2/install/route_planner/lib/python3.8/site-packages/route_planner/__pycache__/robot_state.cpython-38.pyc
/home/rosubuntu/ws_ros2/install/route_planner/share/ament_index/resource_index/packages/route_planner
/home/rosubuntu/ws_ros2/install/route_planner/share/route_planner/package.xml
/home/rosubuntu/ws_ros2/install/route_planner/lib/python3.8/site-packages/route_planner-0.0.0-py3.8.egg-info/SOURCES.txt
/home/rosubuntu/ws_ros2/install/route_planner/lib/python3.8/site-packages/route_planner-0.0.0-py3.8.egg-info/entry_points.txt
/home/rosubuntu/ws_ros2/install/route_planner/lib/python3.8/site-packages/route_planner-0.0.0-py3.8.egg-info/requires.txt
/home/rosubuntu/ws_ros2/install/route_planner/lib/python3.8/site-packages/route_planner-0.0.0-py3.8.egg-info/PKG-INFO
/home/rosubuntu/ws_ros2/install/route_planner/lib/python3.8/site-packages/route_planner-0.0.0-py3.8.egg-info/dependency_links.txt
/home/rosubuntu/ws_ros2/install/route_planner/lib/python3.8/site-packages/route_planner-0.0.0-py3.8.egg-info/zip-safe
/home/rosubuntu/ws_ros2/install/route_planner/lib/python3.8/site-packages/route_planner-0.0.0-py3.8.egg-info/top_level.txt
/home/rosubuntu/ws_ros2/install/route_planner/lib/route_planner/npc_with_quest
/home/rosubuntu/ws_ros2/install/route_planner/lib/route_planner/path_planner
/home/rosubuntu/ws_ros2/install/route_planner/lib/route_planner/user
