[0.424s] Invoking command in '/home/rosubuntu/ws_ros2/src/route_planner': PYTHONPATH=/home/rosubuntu/ws_ros2/install/route_planner/lib/python3.8/site-packages:${PYTHONPATH} /usr/bin/python3 setup.py egg_info --egg-base ../../build/route_planner build --build-base /home/rosubuntu/ws_ros2/build/route_planner/build install --prefix /home/rosubuntu/ws_ros2/install/route_planner --record /home/rosubuntu/ws_ros2/build/route_planner/install.log --single-version-externally-managed
[0.721s] running egg_info
[0.726s] writing ../../build/route_planner/route_planner.egg-info/PKG-INFO
[0.730s] writing dependency_links to ../../build/route_planner/route_planner.egg-info/dependency_links.txt
[0.733s] writing entry points to ../../build/route_planner/route_planner.egg-info/entry_points.txt
[0.736s] writing requirements to ../../build/route_planner/route_planner.egg-info/requires.txt
[0.739s] writing top-level names to ../../build/route_planner/route_planner.egg-info/top_level.txt
[0.797s] reading manifest file '../../build/route_planner/route_planner.egg-info/SOURCES.txt'
[0.803s] writing manifest file '../../build/route_planner/route_planner.egg-info/SOURCES.txt'
[0.808s] running build
[0.811s] running build_py
[0.812s] copying route_planner/path_planner.py -> /home/rosubuntu/ws_ros2/build/route_planner/build/lib/route_planner
[0.814s] running install
[0.817s] running install_lib
[0.819s] copying /home/rosubuntu/ws_ros2/build/route_planner/build/lib/route_planner/path_planner.py -> /home/rosubuntu/ws_ros2/install/route_planner/lib/python3.8/site-packages/route_planner
[0.825s] byte-compiling /home/rosubuntu/ws_ros2/install/route_planner/lib/python3.8/site-packages/route_planner/path_planner.py to path_planner.cpython-38.pyc
[0.829s] running install_data
[0.832s] running install_egg_info
[0.836s] removing '/home/rosubuntu/ws_ros2/install/route_planner/lib/python3.8/site-packages/route_planner-0.0.0-py3.8.egg-info' (and everything under it)
[0.840s] Copying ../../build/route_planner/route_planner.egg-info to /home/rosubuntu/ws_ros2/install/route_planner/lib/python3.8/site-packages/route_planner-0.0.0-py3.8.egg-info
[0.843s] running install_scripts
[0.872s] Installing npc_with_quest script to /home/rosubuntu/ws_ros2/install/route_planner/lib/route_planner
[0.880s] Installing path_planner script to /home/rosubuntu/ws_ros2/install/route_planner/lib/route_planner
[0.887s] Installing user script to /home/rosubuntu/ws_ros2/install/route_planner/lib/route_planner
[0.890s] writing list of installed files to '/home/rosubuntu/ws_ros2/build/route_planner/install.log'
[0.923s] Invoked command in '/home/rosubuntu/ws_ros2/src/route_planner' returned '0': PYTHONPATH=/home/rosubuntu/ws_ros2/install/route_planner/lib/python3.8/site-packages:${PYTHONPATH} /usr/bin/python3 setup.py egg_info --egg-base ../../build/route_planner build --build-base /home/rosubuntu/ws_ros2/build/route_planner/build install --prefix /home/rosubuntu/ws_ros2/install/route_planner --record /home/rosubuntu/ws_ros2/build/route_planner/install.log --single-version-externally-managed
