[0.052s] Invoking command in '/home/rosubuntu/ws_ros2/build/route_finder_launcher': CMAKE_PREFIX_PATH=${CMAKE_PREFIX_PATH}:/home/rosubuntu/ws_ros2/install/route_planner:/opt/ros/foxy /usr/bin/cmake --build /home/rosubuntu/ws_ros2/build/route_finder_launcher -- -j1 -l1
[0.168s] Invoked command in '/home/rosubuntu/ws_ros2/build/route_finder_launcher' returned '0': CMAKE_PREFIX_PATH=${CMAKE_PREFIX_PATH}:/home/rosubuntu/ws_ros2/install/route_planner:/opt/ros/foxy /usr/bin/cmake --build /home/rosubuntu/ws_ros2/build/route_finder_launcher -- -j1 -l1
[0.225s] Invoking command in '/home/rosubuntu/ws_ros2/build/route_finder_launcher': CMAKE_PREFIX_PATH=${CMAKE_PREFIX_PATH}:/home/rosubuntu/ws_ros2/install/route_planner:/opt/ros/foxy /usr/bin/cmake --install /home/rosubuntu/ws_ros2/build/route_finder_launcher
[0.245s] -- Install configuration: ""
[0.247s] -- Up-to-date: /home/rosubuntu/ws_ros2/install/route_finder_launcher/share/$(PROJECT_NAME)/launch
[0.249s] -- Installing: /home/rosubuntu/ws_ros2/install/route_finder_launcher/share/$(PROJECT_NAME)/launch/jb_assigned.launch.py
[0.250s] -- Up-to-date: /home/rosubuntu/ws_ros2/install/route_finder_launcher/share/ament_index/resource_index/package_run_dependencies/route_finder_launcher
[0.251s] -- Up-to-date: /home/rosubuntu/ws_ros2/install/route_finder_launcher/share/ament_index/resource_index/parent_prefix_path/route_finder_launcher
[0.251s] -- Up-to-date: /home/rosubuntu/ws_ros2/install/route_finder_launcher/share/route_finder_launcher/environment/ament_prefix_path.sh
[0.251s] -- Up-to-date: /home/rosubuntu/ws_ros2/install/route_finder_launcher/share/route_finder_launcher/environment/ament_prefix_path.dsv
[0.253s] -- Up-to-date: /home/rosubuntu/ws_ros2/install/route_finder_launcher/share/route_finder_launcher/environment/path.sh
[0.253s] -- Up-to-date: /home/rosubuntu/ws_ros2/install/route_finder_launcher/share/route_finder_launcher/environment/path.dsv
[0.253s] -- Up-to-date: /home/rosubuntu/ws_ros2/install/route_finder_launcher/share/route_finder_launcher/local_setup.bash
[0.253s] -- Up-to-date: /home/rosubuntu/ws_ros2/install/route_finder_launcher/share/route_finder_launcher/local_setup.sh
[0.256s] -- Up-to-date: /home/rosubuntu/ws_ros2/install/route_finder_launcher/share/route_finder_launcher/local_setup.zsh
[0.256s] -- Up-to-date: /home/rosubuntu/ws_ros2/install/route_finder_launcher/share/route_finder_launcher/local_setup.dsv
[0.256s] -- Installing: /home/rosubuntu/ws_ros2/install/route_finder_launcher/share/route_finder_launcher/package.dsv
[0.257s] -- Up-to-date: /home/rosubuntu/ws_ros2/install/route_finder_launcher/share/ament_index/resource_index/packages/route_finder_launcher
[0.257s] -- Up-to-date: /home/rosubuntu/ws_ros2/install/route_finder_launcher/share/route_finder_launcher/cmake/route_finder_launcherConfig.cmake
[0.257s] -- Up-to-date: /home/rosubuntu/ws_ros2/install/route_finder_launcher/share/route_finder_launcher/cmake/route_finder_launcherConfig-version.cmake
[0.257s] -- Up-to-date: /home/rosubuntu/ws_ros2/install/route_finder_launcher/share/route_finder_launcher/package.xml
[0.269s] Invoked command in '/home/rosubuntu/ws_ros2/build/route_finder_launcher' returned '0': CMAKE_PREFIX_PATH=${CMAKE_PREFIX_PATH}:/home/rosubuntu/ws_ros2/install/route_planner:/opt/ros/foxy /usr/bin/cmake --install /home/rosubuntu/ws_ros2/build/route_finder_launcher
