[0.364s] Invoking command in '/home/rosubuntu/ws_ros2/src/route_planner': PYTHONPATH=/home/rosubuntu/ws_ros2/install/route_planner/lib/python3.8/site-packages:${PYTHONPATH} /usr/bin/python3 setup.py egg_info --egg-base ../../build/route_planner build --build-base /home/rosubuntu/ws_ros2/build/route_planner/build install --prefix /home/rosubuntu/ws_ros2/install/route_planner --record /home/rosubuntu/ws_ros2/build/route_planner/install.log --single-version-externally-managed
[0.653s] running egg_info
[0.658s] writing ../../build/route_planner/route_planner.egg-info/PKG-INFO
[0.661s] writing dependency_links to ../../build/route_planner/route_planner.egg-info/dependency_links.txt
[0.664s] writing entry points to ../../build/route_planner/route_planner.egg-info/entry_points.txt
[0.668s] writing requirements to ../../build/route_planner/route_planner.egg-info/requires.txt
[0.671s] writing top-level names to ../../build/route_planner/route_planner.egg-info/top_level.txt
[0.722s] reading manifest file '../../build/route_planner/route_planner.egg-info/SOURCES.txt'
[0.725s] writing manifest file '../../build/route_planner/route_planner.egg-info/SOURCES.txt'
[0.730s] running build
[0.732s] running build_py
[0.734s] running install
[0.736s] running install_lib
[0.739s] running install_data
[0.743s] running install_egg_info
[0.747s] removing '/home/rosubuntu/ws_ros2/install/route_planner/lib/python3.8/site-packages/route_planner-0.0.0-py3.8.egg-info' (and everything under it)
[0.751s] Copying ../../build/route_planner/route_planner.egg-info to /home/rosubuntu/ws_ros2/install/route_planner/lib/python3.8/site-packages/route_planner-0.0.0-py3.8.egg-info
[0.754s] running install_scripts
[0.785s] Installing npc_with_quest = route_planner.terminal_pts_fetcher:mainpath_planner = route_planner.path_planner:mainuser script to /home/rosubuntu/ws_ros2/install/route_planner/lib/route_planner
[0.791s] writing list of installed files to '/home/rosubuntu/ws_ros2/build/route_planner/install.log'
[0.824s] Invoked command in '/home/rosubuntu/ws_ros2/src/route_planner' returned '0': PYTHONPATH=/home/rosubuntu/ws_ros2/install/route_planner/lib/python3.8/site-packages:${PYTHONPATH} /usr/bin/python3 setup.py egg_info --egg-base ../../build/route_planner build --build-base /home/rosubuntu/ws_ros2/build/route_planner/build install --prefix /home/rosubuntu/ws_ros2/install/route_planner --record /home/rosubuntu/ws_ros2/build/route_planner/install.log --single-version-externally-managed
